mode: atomic
fintrack/api/internal/auth/otp_gen.go:9.43,12.16 3 0
fintrack/api/internal/auth/otp_gen.go:12.16,14.3 1 0
fintrack/api/internal/auth/otp_gen.go:15.2,15.44 1 0
fintrack/api/internal/auth/otp_jwt.go:22.110,24.16 2 0
fintrack/api/internal/auth/otp_jwt.go:24.16,26.3 1 0
fintrack/api/internal/auth/otp_jwt.go:27.2,28.16 2 0
fintrack/api/internal/auth/otp_jwt.go:28.16,30.3 1 0
fintrack/api/internal/auth/otp_jwt.go:31.2,40.22 3 0
fintrack/api/internal/auth/otp_jwt.go:40.22,42.3 1 0
fintrack/api/internal/auth/otp_jwt.go:44.2,46.16 3 0
fintrack/api/internal/auth/otp_jwt.go:46.16,48.3 1 0
fintrack/api/internal/auth/otp_jwt.go:49.2,49.87 1 0
fintrack/api/internal/auth/otp_jwt.go:52.109,53.69 1 0
fintrack/api/internal/auth/otp_jwt.go:53.69,54.41 1 0
fintrack/api/internal/auth/otp_jwt.go:54.41,56.4 1 0
fintrack/api/internal/auth/otp_jwt.go:57.3,57.21 1 0
fintrack/api/internal/auth/otp_jwt.go:59.2,59.33 1 0
fintrack/api/internal/auth/otp_jwt.go:59.33,61.3 1 0
fintrack/api/internal/auth/otp_jwt.go:62.2,63.12 2 0
fintrack/api/internal/auth/otp_jwt.go:63.12,65.3 1 0
fintrack/api/internal/auth/otp_jwt.go:66.2,66.49 1 0
fintrack/api/internal/auth/otp_jwt.go:66.49,68.3 1 0
fintrack/api/internal/auth/otp_jwt.go:69.2,70.37 2 0
fintrack/api/internal/auth/otp_jwt.go:70.37,72.3 1 0
fintrack/api/internal/auth/otp_jwt.go:73.2,73.22 1 0
fintrack/api/internal/auth/otp_jwt.go:73.22,75.23 2 0
fintrack/api/internal/auth/otp_jwt.go:75.23,77.4 1 0
fintrack/api/internal/auth/otp_jwt.go:79.2,80.13 2 0
fintrack/api/internal/auth/otp_jwt.go:80.13,82.3 1 0
fintrack/api/internal/auth/otp_jwt.go:83.2,83.16 1 0
fintrack/api/internal/auth/password.go:7.49,9.16 2 0
fintrack/api/internal/auth/password.go:9.16,11.3 1 0
fintrack/api/internal/auth/password.go:12.2,12.23 1 0
fintrack/api/internal/auth/password.go:15.46,17.2 1 0
fintrack/api/internal/auth/password.go:19.44,21.16 2 0
fintrack/api/internal/auth/password.go:21.16,23.3 1 0
fintrack/api/internal/auth/password.go:24.2,24.23 1 0
fintrack/api/internal/auth/password.go:27.41,29.2 1 0
fintrack/api/internal/auth/session_jwt.go:16.73,26.2 4 0
fintrack/api/internal/auth/session_jwt.go:28.79,29.66 1 0
fintrack/api/internal/auth/session_jwt.go:29.66,30.41 1 0
fintrack/api/internal/auth/session_jwt.go:30.41,32.4 1 0
fintrack/api/internal/auth/session_jwt.go:33.3,33.21 1 0
fintrack/api/internal/auth/session_jwt.go:35.2,35.33 1 0
fintrack/api/internal/auth/session_jwt.go:35.33,37.3 1 0
fintrack/api/internal/auth/session_jwt.go:38.2,39.9 2 0
fintrack/api/internal/auth/session_jwt.go:39.9,41.3 1 0
fintrack/api/internal/auth/session_jwt.go:42.2,44.28 3 0
fintrack/api/internal/auth/session_jwt.go:44.28,46.3 1 0
fintrack/api/internal/auth/session_jwt.go:47.2,47.51 1 0
fintrack/api/internal/auth/validate.go:14.42,16.2 1 0
fintrack/api/internal/auth/validate.go:18.41,20.29 2 0
fintrack/api/internal/auth/validate.go:20.29,22.3 1 0
fintrack/api/internal/auth/validate.go:23.2,23.11 1 0
fintrack/api/internal/auth/validate.go:26.47,27.23 1 0
fintrack/api/internal/auth/validate.go:27.23,29.3 1 0
fintrack/api/internal/auth/validate.go:30.2,30.11 1 0
fintrack/api/internal/auth/validate.go:33.37,35.25 2 0
fintrack/api/internal/auth/validate.go:35.25,37.3 1 0
fintrack/api/internal/auth/validate.go:38.2,38.22 1 0
fintrack/api/internal/auth/validate.go:38.22,39.25 1 0
fintrack/api/internal/auth/validate.go:39.25,41.4 1 0
fintrack/api/internal/auth/validate.go:43.2,43.11 1 0
fintrack/api/internal/auth/validate.go:46.47,49.2 2 0
fintrack/api/internal/auth/validate.go:51.46,53.16 2 0
fintrack/api/internal/auth/validate.go:53.16,55.3 1 0
fintrack/api/internal/auth/validate.go:56.2,56.17 1 0
fintrack/api/internal/auth/validate.go:56.17,58.3 1 0
fintrack/api/internal/auth/validate.go:59.2,59.11 1 0
fintrack/api/internal/auth/validate.go:62.50,64.41 2 0
fintrack/api/internal/auth/validate.go:64.41,66.3 1 0
fintrack/api/internal/auth/validate.go:67.2,67.14 1 0
fintrack/api/internal/auth/validate.go:70.53,72.42 2 0
fintrack/api/internal/auth/validate.go:72.42,74.3 1 0
fintrack/api/internal/auth/validate.go:75.2,75.11 1 0
fintrack/api/internal/config/config.go:25.29,27.16 2 7
fintrack/api/internal/config/config.go:27.16,29.3 1 6
fintrack/api/internal/config/config.go:30.2,30.49 1 7
fintrack/api/internal/config/config.go:30.49,32.3 1 7
fintrack/api/internal/config/config.go:34.2,36.16 3 7
fintrack/api/internal/config/config.go:36.16,38.3 1 0
fintrack/api/internal/config/config.go:40.2,48.23 4 7
fintrack/api/internal/config/config.go:48.23,50.20 2 3
fintrack/api/internal/config/config.go:50.20,52.4 1 1
fintrack/api/internal/config/config.go:53.3,53.26 1 2
fintrack/api/internal/config/config.go:56.2,57.74 2 6
fintrack/api/internal/config/config.go:57.74,59.14 2 7
fintrack/api/internal/config/config.go:59.14,61.4 1 2
fintrack/api/internal/config/config.go:64.2,72.8 1 6
fintrack/api/internal/config/config.go:77.46,78.65 1 7
fintrack/api/internal/config/config.go:78.65,80.3 1 0
fintrack/api/internal/config/config.go:81.2,82.16 2 7
fintrack/api/internal/config/config.go:82.16,84.3 1 0
fintrack/api/internal/config/config.go:85.2,89.31 2 7
fintrack/api/internal/config/config.go:89.31,90.54 1 7
fintrack/api/internal/config/config.go:90.54,92.4 1 7
fintrack/api/internal/config/config.go:94.2,94.143 1 0
fintrack/api/internal/handler/auth.go:25.71,27.15 2 0
fintrack/api/internal/handler/auth.go:27.15,29.3 1 0
fintrack/api/internal/handler/auth.go:30.2,30.50 1 0
fintrack/api/internal/handler/auth.go:34.49,46.2 11 0
fintrack/api/internal/handler/auth.go:48.66,54.49 3 0
fintrack/api/internal/handler/auth.go:54.49,57.3 2 0
fintrack/api/internal/handler/auth.go:58.2,58.54 1 0
fintrack/api/internal/handler/auth.go:58.54,61.3 2 0
fintrack/api/internal/handler/auth.go:62.2,62.60 1 0
fintrack/api/internal/handler/auth.go:62.60,65.3 2 0
fintrack/api/internal/handler/auth.go:66.2,68.16 3 0
fintrack/api/internal/handler/auth.go:68.16,72.3 3 0
fintrack/api/internal/handler/auth.go:73.2,73.75 1 0
fintrack/api/internal/handler/auth.go:73.75,76.3 2 0
fintrack/api/internal/handler/auth.go:77.2,77.22 1 0
fintrack/api/internal/handler/auth.go:77.22,82.3 2 0
fintrack/api/internal/handler/auth.go:83.2,84.16 2 0
fintrack/api/internal/handler/auth.go:84.16,88.3 3 0
fintrack/api/internal/handler/auth.go:89.2,96.4 2 0
fintrack/api/internal/handler/auth.go:99.67,107.49 3 0
fintrack/api/internal/handler/auth.go:107.49,110.3 2 0
fintrack/api/internal/handler/auth.go:111.2,111.54 1 0
fintrack/api/internal/handler/auth.go:111.54,114.3 2 0
fintrack/api/internal/handler/auth.go:115.2,115.60 1 0
fintrack/api/internal/handler/auth.go:115.60,118.3 2 0
fintrack/api/internal/handler/auth.go:119.2,119.59 1 0
fintrack/api/internal/handler/auth.go:119.59,122.3 2 0
fintrack/api/internal/handler/auth.go:123.2,123.78 1 0
fintrack/api/internal/handler/auth.go:123.78,126.3 2 0
fintrack/api/internal/handler/auth.go:127.2,129.16 3 0
fintrack/api/internal/handler/auth.go:129.16,133.3 3 0
fintrack/api/internal/handler/auth.go:134.2,137.16 4 0
fintrack/api/internal/handler/auth.go:137.16,138.40 1 0
fintrack/api/internal/handler/auth.go:138.40,141.4 2 0
fintrack/api/internal/handler/auth.go:142.3,144.9 3 0
fintrack/api/internal/handler/auth.go:146.2,149.4 1 0
fintrack/api/internal/handler/auth.go:152.67,155.2 2 0
fintrack/api/internal/handler/auth.go:157.62,160.16 3 0
fintrack/api/internal/handler/auth.go:160.16,163.3 2 0
fintrack/api/internal/handler/auth.go:164.2,165.31 2 0
fintrack/api/internal/handler/auth.go:165.31,168.3 2 0
fintrack/api/internal/handler/auth.go:169.2,170.16 2 0
fintrack/api/internal/handler/auth.go:170.16,174.3 3 0
fintrack/api/internal/handler/auth.go:175.2,176.16 2 0
fintrack/api/internal/handler/auth.go:176.16,178.3 1 0
fintrack/api/internal/handler/auth.go:179.2,188.4 2 0
fintrack/api/internal/handler/auth.go:191.64,194.16 3 0
fintrack/api/internal/handler/auth.go:194.16,197.3 2 0
fintrack/api/internal/handler/auth.go:198.2,202.49 2 0
fintrack/api/internal/handler/auth.go:202.49,205.3 2 0
fintrack/api/internal/handler/auth.go:206.2,208.26 3 0
fintrack/api/internal/handler/auth.go:208.26,211.3 2 0
fintrack/api/internal/handler/auth.go:212.2,212.13 1 0
fintrack/api/internal/handler/auth.go:212.13,213.61 1 0
fintrack/api/internal/handler/auth.go:213.61,216.4 2 0
fintrack/api/internal/handler/auth.go:218.2,218.13 1 0
fintrack/api/internal/handler/auth.go:218.13,219.80 1 0
fintrack/api/internal/handler/auth.go:219.80,222.4 2 0
fintrack/api/internal/handler/auth.go:224.2,225.31 2 0
fintrack/api/internal/handler/auth.go:225.31,228.3 2 0
fintrack/api/internal/handler/auth.go:229.2,231.13 3 0
fintrack/api/internal/handler/auth.go:231.13,233.3 1 0
fintrack/api/internal/handler/auth.go:234.2,235.13 2 0
fintrack/api/internal/handler/auth.go:235.13,237.3 1 0
fintrack/api/internal/handler/auth.go:238.2,239.13 2 0
fintrack/api/internal/handler/auth.go:239.13,242.3 2 0
fintrack/api/internal/handler/auth.go:243.2,243.13 1 0
fintrack/api/internal/handler/auth.go:243.13,246.3 2 0
fintrack/api/internal/handler/auth.go:247.2,247.129 1 0
fintrack/api/internal/handler/auth.go:247.129,251.3 3 0
fintrack/api/internal/handler/auth.go:252.2,253.16 2 0
fintrack/api/internal/handler/auth.go:253.16,257.3 3 0
fintrack/api/internal/handler/auth.go:258.2,259.23 2 0
fintrack/api/internal/handler/auth.go:259.23,261.3 1 0
fintrack/api/internal/handler/auth.go:262.2,272.4 2 0
fintrack/api/internal/handler/auth.go:275.75,280.49 3 0
fintrack/api/internal/handler/auth.go:280.49,283.3 2 0
fintrack/api/internal/handler/auth.go:284.2,284.54 1 0
fintrack/api/internal/handler/auth.go:284.54,287.3 2 0
fintrack/api/internal/handler/auth.go:288.2,289.16 2 0
fintrack/api/internal/handler/auth.go:289.16,293.3 3 0
fintrack/api/internal/handler/auth.go:294.2,294.17 1 0
fintrack/api/internal/handler/auth.go:294.17,300.3 2 0
fintrack/api/internal/handler/auth.go:301.2,303.16 3 0
fintrack/api/internal/handler/auth.go:303.16,307.3 3 0
fintrack/api/internal/handler/auth.go:308.2,314.4 2 0
fintrack/api/internal/handler/auth.go:317.74,325.49 3 0
fintrack/api/internal/handler/auth.go:325.49,328.3 2 0
fintrack/api/internal/handler/auth.go:329.2,329.54 1 0
fintrack/api/internal/handler/auth.go:329.54,332.3 2 0
fintrack/api/internal/handler/auth.go:333.2,333.50 1 0
fintrack/api/internal/handler/auth.go:333.50,336.3 2 0
fintrack/api/internal/handler/auth.go:337.2,337.63 1 0
fintrack/api/internal/handler/auth.go:337.63,340.3 2 0
fintrack/api/internal/handler/auth.go:341.2,341.44 1 0
fintrack/api/internal/handler/auth.go:341.44,344.3 2 0
fintrack/api/internal/handler/auth.go:345.2,346.31 2 0
fintrack/api/internal/handler/auth.go:346.31,349.3 2 0
fintrack/api/internal/handler/auth.go:350.2,352.27 3 0
fintrack/api/internal/handler/auth.go:352.27,355.3 2 0
fintrack/api/internal/handler/auth.go:356.2,357.16 2 0
fintrack/api/internal/handler/auth.go:357.16,360.3 2 0
fintrack/api/internal/handler/auth.go:361.2,361.76 1 0
fintrack/api/internal/handler/auth.go:361.76,365.3 3 0
fintrack/api/internal/handler/auth.go:366.2,370.4 1 0
fintrack/api/internal/handler/auth.go:373.85,376.16 3 0
fintrack/api/internal/handler/auth.go:376.16,379.3 2 0
fintrack/api/internal/handler/auth.go:380.2,381.31 2 0
fintrack/api/internal/handler/auth.go:381.31,384.3 2 0
fintrack/api/internal/handler/auth.go:385.2,386.16 2 0
fintrack/api/internal/handler/auth.go:386.16,389.3 2 0
fintrack/api/internal/handler/auth.go:390.2,396.4 2 0
fintrack/api/internal/handler/auth.go:399.75,402.16 3 0
fintrack/api/internal/handler/auth.go:402.16,405.3 2 0
fintrack/api/internal/handler/auth.go:406.2,411.49 2 0
fintrack/api/internal/handler/auth.go:411.49,414.3 2 0
fintrack/api/internal/handler/auth.go:415.2,415.50 1 0
fintrack/api/internal/handler/auth.go:415.50,418.3 2 0
fintrack/api/internal/handler/auth.go:419.2,419.63 1 0
fintrack/api/internal/handler/auth.go:419.63,422.3 2 0
fintrack/api/internal/handler/auth.go:423.2,423.44 1 0
fintrack/api/internal/handler/auth.go:423.44,426.3 2 0
fintrack/api/internal/handler/auth.go:427.2,428.31 2 0
fintrack/api/internal/handler/auth.go:428.31,431.3 2 0
fintrack/api/internal/handler/auth.go:432.2,433.27 2 0
fintrack/api/internal/handler/auth.go:433.27,436.3 2 0
fintrack/api/internal/handler/auth.go:437.2,438.16 2 0
fintrack/api/internal/handler/auth.go:438.16,441.3 2 0
fintrack/api/internal/handler/auth.go:442.2,442.76 1 0
fintrack/api/internal/handler/auth.go:442.76,445.3 2 0
fintrack/api/internal/handler/auth.go:446.2,446.95 1 0
fintrack/api/internal/handler/auth.go:449.71,452.16 3 0
fintrack/api/internal/handler/auth.go:452.16,455.3 2 0
fintrack/api/internal/handler/auth.go:456.2,457.31 2 0
fintrack/api/internal/handler/auth.go:457.31,460.3 2 0
fintrack/api/internal/handler/auth.go:461.2,462.16 2 0
fintrack/api/internal/handler/auth.go:462.16,466.3 3 0
fintrack/api/internal/handler/auth.go:467.2,471.21 5 0
fintrack/api/internal/handler/auth.go:474.74,477.16 3 0
fintrack/api/internal/handler/auth.go:477.16,480.3 2 0
fintrack/api/internal/handler/auth.go:481.2,481.67 1 0
fintrack/api/internal/handler/auth.go:481.67,485.3 3 0
fintrack/api/internal/handler/auth.go:486.2,487.64 2 0
fintrack/api/internal/handler/bank_accounts.go:23.65,29.2 5 0
fintrack/api/internal/handler/bank_accounts.go:31.69,33.9 2 0
fintrack/api/internal/handler/bank_accounts.go:33.9,35.3 1 0
fintrack/api/internal/handler/bank_accounts.go:36.2,38.16 3 0
fintrack/api/internal/handler/bank_accounts.go:38.16,42.3 3 0
fintrack/api/internal/handler/bank_accounts.go:43.2,43.65 1 0
fintrack/api/internal/handler/bank_accounts.go:46.71,48.9 2 0
fintrack/api/internal/handler/bank_accounts.go:48.9,50.3 1 0
fintrack/api/internal/handler/bank_accounts.go:51.2,52.21 2 0
fintrack/api/internal/handler/bank_accounts.go:52.21,55.3 2 0
fintrack/api/internal/handler/bank_accounts.go:56.2,58.16 3 0
fintrack/api/internal/handler/bank_accounts.go:58.16,62.3 3 0
fintrack/api/internal/handler/bank_accounts.go:63.2,63.16 1 0
fintrack/api/internal/handler/bank_accounts.go:63.16,66.3 2 0
fintrack/api/internal/handler/bank_accounts.go:67.2,67.63 1 0
fintrack/api/internal/handler/bank_accounts.go:78.71,80.9 2 0
fintrack/api/internal/handler/bank_accounts.go:80.9,82.3 1 0
fintrack/api/internal/handler/bank_accounts.go:83.2,84.49 2 0
fintrack/api/internal/handler/bank_accounts.go:84.49,87.3 2 0
fintrack/api/internal/handler/bank_accounts.go:88.2,89.16 2 0
fintrack/api/internal/handler/bank_accounts.go:89.16,92.3 2 0
fintrack/api/internal/handler/bank_accounts.go:93.2,94.40 2 0
fintrack/api/internal/handler/bank_accounts.go:94.40,97.3 2 0
fintrack/api/internal/handler/bank_accounts.go:98.2,98.36 1 0
fintrack/api/internal/handler/bank_accounts.go:98.36,101.3 2 0
fintrack/api/internal/handler/bank_accounts.go:103.2,112.16 3 0
fintrack/api/internal/handler/bank_accounts.go:112.16,114.27 2 0
fintrack/api/internal/handler/bank_accounts.go:114.27,117.4 2 0
fintrack/api/internal/handler/bank_accounts.go:118.3,120.9 3 0
fintrack/api/internal/handler/bank_accounts.go:122.2,122.16 1 0
fintrack/api/internal/handler/bank_accounts.go:122.16,125.3 2 0
fintrack/api/internal/handler/bank_accounts.go:126.2,126.68 1 0
fintrack/api/internal/handler/bank_accounts.go:139.70,141.9 2 0
fintrack/api/internal/handler/bank_accounts.go:141.9,143.3 1 0
fintrack/api/internal/handler/bank_accounts.go:144.2,145.21 2 0
fintrack/api/internal/handler/bank_accounts.go:145.21,148.3 2 0
fintrack/api/internal/handler/bank_accounts.go:149.2,150.49 2 0
fintrack/api/internal/handler/bank_accounts.go:150.49,153.3 2 0
fintrack/api/internal/handler/bank_accounts.go:155.2,156.9 2 0
fintrack/api/internal/handler/bank_accounts.go:157.31,158.20 1 0
fintrack/api/internal/handler/bank_accounts.go:159.72,160.33 1 0
fintrack/api/internal/handler/bank_accounts.go:161.10,163.9 2 0
fintrack/api/internal/handler/bank_accounts.go:166.2,166.53 1 0
fintrack/api/internal/handler/bank_accounts.go:166.53,169.3 2 0
fintrack/api/internal/handler/bank_accounts.go:171.2,172.22 2 0
fintrack/api/internal/handler/bank_accounts.go:172.22,175.3 2 0
fintrack/api/internal/handler/bank_accounts.go:176.2,177.29 2 0
fintrack/api/internal/handler/bank_accounts.go:177.29,180.3 2 0
fintrack/api/internal/handler/bank_accounts.go:182.2,196.16 4 0
fintrack/api/internal/handler/bank_accounts.go:196.16,198.27 2 0
fintrack/api/internal/handler/bank_accounts.go:198.27,201.4 2 0
fintrack/api/internal/handler/bank_accounts.go:202.3,204.9 3 0
fintrack/api/internal/handler/bank_accounts.go:206.2,206.16 1 0
fintrack/api/internal/handler/bank_accounts.go:206.16,209.3 2 0
fintrack/api/internal/handler/bank_accounts.go:210.2,210.63 1 0
fintrack/api/internal/handler/bank_accounts.go:213.71,215.9 2 0
fintrack/api/internal/handler/bank_accounts.go:215.9,217.3 1 0
fintrack/api/internal/handler/bank_accounts.go:218.2,219.21 2 0
fintrack/api/internal/handler/bank_accounts.go:219.21,222.3 2 0
fintrack/api/internal/handler/bank_accounts.go:223.2,225.16 3 0
fintrack/api/internal/handler/bank_accounts.go:225.16,229.3 3 0
fintrack/api/internal/handler/bank_accounts.go:230.2,230.14 1 0
fintrack/api/internal/handler/bank_accounts.go:230.14,233.3 2 0
fintrack/api/internal/handler/bank_accounts.go:234.2,234.63 1 0
fintrack/api/internal/handler/bank_accounts.go:237.31,239.2 1 0
fintrack/api/internal/handler/cookie.go:10.48,12.33 2 0
fintrack/api/internal/handler/cookie.go:12.33,14.3 1 0
fintrack/api/internal/handler/cookie.go:15.2,15.16 1 0
fintrack/api/internal/handler/cookie.go:18.75,28.2 1 0
fintrack/api/internal/handler/cookie.go:30.61,41.2 1 0
fintrack/api/internal/handler/credit_cards.go:23.63,29.2 5 0
fintrack/api/internal/handler/credit_cards.go:31.68,33.9 2 0
fintrack/api/internal/handler/credit_cards.go:33.9,35.3 1 0
fintrack/api/internal/handler/credit_cards.go:36.2,38.16 3 0
fintrack/api/internal/handler/credit_cards.go:38.16,42.3 3 0
fintrack/api/internal/handler/credit_cards.go:43.2,43.65 1 0
fintrack/api/internal/handler/credit_cards.go:46.70,48.9 2 0
fintrack/api/internal/handler/credit_cards.go:48.9,50.3 1 0
fintrack/api/internal/handler/credit_cards.go:51.2,52.18 2 0
fintrack/api/internal/handler/credit_cards.go:52.18,55.3 2 0
fintrack/api/internal/handler/credit_cards.go:56.2,58.16 3 0
fintrack/api/internal/handler/credit_cards.go:58.16,62.3 3 0
fintrack/api/internal/handler/credit_cards.go:63.2,63.16 1 0
fintrack/api/internal/handler/credit_cards.go:63.16,66.3 2 0
fintrack/api/internal/handler/credit_cards.go:67.2,67.63 1 0
fintrack/api/internal/handler/credit_cards.go:81.70,83.9 2 0
fintrack/api/internal/handler/credit_cards.go:83.9,85.3 1 0
fintrack/api/internal/handler/credit_cards.go:86.2,87.49 2 0
fintrack/api/internal/handler/credit_cards.go:87.49,90.3 2 0
fintrack/api/internal/handler/credit_cards.go:91.2,92.16 2 0
fintrack/api/internal/handler/credit_cards.go:92.16,95.3 2 0
fintrack/api/internal/handler/credit_cards.go:96.2,96.59 1 0
fintrack/api/internal/handler/credit_cards.go:96.59,99.3 2 0
fintrack/api/internal/handler/credit_cards.go:100.2,101.29 2 0
fintrack/api/internal/handler/credit_cards.go:101.29,102.35 1 0
fintrack/api/internal/handler/credit_cards.go:102.35,105.4 2 0
fintrack/api/internal/handler/credit_cards.go:106.3,106.27 1 0
fintrack/api/internal/handler/credit_cards.go:108.2,109.31 2 0
fintrack/api/internal/handler/credit_cards.go:109.31,110.37 1 0
fintrack/api/internal/handler/credit_cards.go:110.37,113.4 2 0
fintrack/api/internal/handler/credit_cards.go:114.3,114.31 1 0
fintrack/api/internal/handler/credit_cards.go:116.2,116.61 1 0
fintrack/api/internal/handler/credit_cards.go:116.61,121.3 2 0
fintrack/api/internal/handler/credit_cards.go:122.2,124.18 3 0
fintrack/api/internal/handler/credit_cards.go:124.18,129.3 2 0
fintrack/api/internal/handler/credit_cards.go:131.2,143.16 3 0
fintrack/api/internal/handler/credit_cards.go:143.16,145.27 2 0
fintrack/api/internal/handler/credit_cards.go:145.27,148.4 2 0
fintrack/api/internal/handler/credit_cards.go:149.3,151.9 3 0
fintrack/api/internal/handler/credit_cards.go:153.2,153.16 1 0
fintrack/api/internal/handler/credit_cards.go:153.16,156.3 2 0
fintrack/api/internal/handler/credit_cards.go:157.2,157.68 1 0
fintrack/api/internal/handler/credit_cards.go:171.69,173.9 2 0
fintrack/api/internal/handler/credit_cards.go:173.9,175.3 1 0
fintrack/api/internal/handler/credit_cards.go:176.2,177.18 2 0
fintrack/api/internal/handler/credit_cards.go:177.18,180.3 2 0
fintrack/api/internal/handler/credit_cards.go:181.2,182.49 2 0
fintrack/api/internal/handler/credit_cards.go:182.49,185.3 2 0
fintrack/api/internal/handler/credit_cards.go:186.2,186.59 1 0
fintrack/api/internal/handler/credit_cards.go:186.59,189.3 2 0
fintrack/api/internal/handler/credit_cards.go:190.2,190.61 1 0
fintrack/api/internal/handler/credit_cards.go:190.61,193.3 2 0
fintrack/api/internal/handler/credit_cards.go:194.2,194.65 1 0
fintrack/api/internal/handler/credit_cards.go:194.65,197.3 2 0
fintrack/api/internal/handler/credit_cards.go:199.2,200.22 2 0
fintrack/api/internal/handler/credit_cards.go:200.22,203.3 2 0
fintrack/api/internal/handler/credit_cards.go:204.2,204.29 1 0
fintrack/api/internal/handler/credit_cards.go:204.29,207.3 2 0
fintrack/api/internal/handler/credit_cards.go:209.2,210.35 2 0
fintrack/api/internal/handler/credit_cards.go:210.35,212.10 2 0
fintrack/api/internal/handler/credit_cards.go:212.10,217.4 2 0
fintrack/api/internal/handler/credit_cards.go:218.3,218.12 1 0
fintrack/api/internal/handler/credit_cards.go:220.2,220.28 1 0
fintrack/api/internal/handler/credit_cards.go:220.28,222.10 2 0
fintrack/api/internal/handler/credit_cards.go:222.10,227.4 2 0
fintrack/api/internal/handler/credit_cards.go:228.3,228.12 1 0
fintrack/api/internal/handler/credit_cards.go:231.2,245.16 4 0
fintrack/api/internal/handler/credit_cards.go:245.16,247.27 2 0
fintrack/api/internal/handler/credit_cards.go:247.27,250.4 2 0
fintrack/api/internal/handler/credit_cards.go:251.3,253.9 3 0
fintrack/api/internal/handler/credit_cards.go:255.2,255.16 1 0
fintrack/api/internal/handler/credit_cards.go:255.16,258.3 2 0
fintrack/api/internal/handler/credit_cards.go:259.2,259.63 1 0
fintrack/api/internal/handler/credit_cards.go:262.70,264.9 2 0
fintrack/api/internal/handler/credit_cards.go:264.9,266.3 1 0
fintrack/api/internal/handler/credit_cards.go:267.2,268.18 2 0
fintrack/api/internal/handler/credit_cards.go:268.18,271.3 2 0
fintrack/api/internal/handler/credit_cards.go:272.2,274.16 3 0
fintrack/api/internal/handler/credit_cards.go:274.16,278.3 3 0
fintrack/api/internal/handler/credit_cards.go:279.2,279.14 1 0
fintrack/api/internal/handler/credit_cards.go:279.14,282.3 2 0
fintrack/api/internal/handler/credit_cards.go:283.2,283.63 1 0
fintrack/api/internal/handler/credit_cards.go:286.51,287.14 1 0
fintrack/api/internal/handler/credit_cards.go:287.14,289.3 1 0
fintrack/api/internal/handler/credit_cards.go:290.2,291.39 2 0
fintrack/api/internal/handler/credit_cards.go:291.39,293.3 1 0
fintrack/api/internal/handler/credit_cards.go:294.2,295.21 2 0
fintrack/api/internal/handler/credit_cards.go:295.21,297.3 1 0
fintrack/api/internal/handler/credit_cards.go:298.2,298.21 1 0
fintrack/api/internal/handler/credit_cards.go:298.21,300.3 1 0
fintrack/api/internal/handler/credit_cards.go:301.2,301.16 1 0
fintrack/api/internal/handler/credit_cards.go:304.56,307.23 3 0
fintrack/api/internal/handler/credit_cards.go:307.23,309.14 2 0
fintrack/api/internal/handler/credit_cards.go:309.14,310.12 1 0
fintrack/api/internal/handler/credit_cards.go:312.3,312.27 1 0
fintrack/api/internal/handler/credit_cards.go:312.27,313.12 1 0
fintrack/api/internal/handler/credit_cards.go:315.3,316.23 2 0
fintrack/api/internal/handler/credit_cards.go:318.2,318.12 1 0
fintrack/api/internal/handler/expense_categories.go:23.51,26.2 2 0
fintrack/api/internal/handler/expense_categories.go:35.75,41.2 5 0
fintrack/api/internal/handler/expense_categories.go:43.74,45.9 2 0
fintrack/api/internal/handler/expense_categories.go:45.9,47.3 1 0
fintrack/api/internal/handler/expense_categories.go:48.2,50.16 3 0
fintrack/api/internal/handler/expense_categories.go:50.16,54.3 3 0
fintrack/api/internal/handler/expense_categories.go:55.2,55.65 1 0
fintrack/api/internal/handler/expense_categories.go:58.76,60.9 2 0
fintrack/api/internal/handler/expense_categories.go:60.9,62.3 1 0
fintrack/api/internal/handler/expense_categories.go:63.2,64.22 2 0
fintrack/api/internal/handler/expense_categories.go:64.22,67.3 2 0
fintrack/api/internal/handler/expense_categories.go:68.2,70.16 3 0
fintrack/api/internal/handler/expense_categories.go:70.16,74.3 3 0
fintrack/api/internal/handler/expense_categories.go:75.2,75.16 1 0
fintrack/api/internal/handler/expense_categories.go:75.16,78.3 2 0
fintrack/api/internal/handler/expense_categories.go:79.2,79.63 1 0
fintrack/api/internal/handler/expense_categories.go:89.76,91.9 2 0
fintrack/api/internal/handler/expense_categories.go:91.9,93.3 1 0
fintrack/api/internal/handler/expense_categories.go:94.2,95.49 2 0
fintrack/api/internal/handler/expense_categories.go:95.49,98.3 2 0
fintrack/api/internal/handler/expense_categories.go:99.2,100.16 2 0
fintrack/api/internal/handler/expense_categories.go:100.16,103.3 2 0
fintrack/api/internal/handler/expense_categories.go:104.2,105.19 2 0
fintrack/api/internal/handler/expense_categories.go:105.19,108.3 2 0
fintrack/api/internal/handler/expense_categories.go:109.2,109.48 1 0
fintrack/api/internal/handler/expense_categories.go:109.48,112.3 2 0
fintrack/api/internal/handler/expense_categories.go:114.2,122.16 3 0
fintrack/api/internal/handler/expense_categories.go:122.16,124.54 2 0
fintrack/api/internal/handler/expense_categories.go:124.54,127.4 2 0
fintrack/api/internal/handler/expense_categories.go:128.3,130.9 3 0
fintrack/api/internal/handler/expense_categories.go:132.2,132.16 1 0
fintrack/api/internal/handler/expense_categories.go:132.16,135.3 2 0
fintrack/api/internal/handler/expense_categories.go:136.2,136.68 1 0
fintrack/api/internal/handler/expense_categories.go:146.75,148.9 2 0
fintrack/api/internal/handler/expense_categories.go:148.9,150.3 1 0
fintrack/api/internal/handler/expense_categories.go:151.2,152.22 2 0
fintrack/api/internal/handler/expense_categories.go:152.22,155.3 2 0
fintrack/api/internal/handler/expense_categories.go:156.2,157.49 2 0
fintrack/api/internal/handler/expense_categories.go:157.49,160.3 2 0
fintrack/api/internal/handler/expense_categories.go:161.2,161.70 1 0
fintrack/api/internal/handler/expense_categories.go:161.70,164.3 2 0
fintrack/api/internal/handler/expense_categories.go:166.2,167.22 2 0
fintrack/api/internal/handler/expense_categories.go:167.22,170.3 2 0
fintrack/api/internal/handler/expense_categories.go:171.2,171.29 1 0
fintrack/api/internal/handler/expense_categories.go:171.29,174.3 2 0
fintrack/api/internal/handler/expense_categories.go:175.2,175.25 1 0
fintrack/api/internal/handler/expense_categories.go:175.25,178.3 2 0
fintrack/api/internal/handler/expense_categories.go:180.2,190.16 4 0
fintrack/api/internal/handler/expense_categories.go:190.16,192.54 2 0
fintrack/api/internal/handler/expense_categories.go:192.54,195.4 2 0
fintrack/api/internal/handler/expense_categories.go:196.3,198.9 3 0
fintrack/api/internal/handler/expense_categories.go:200.2,200.16 1 0
fintrack/api/internal/handler/expense_categories.go:200.16,203.3 2 0
fintrack/api/internal/handler/expense_categories.go:204.2,204.63 1 0
fintrack/api/internal/handler/expense_categories.go:207.76,209.9 2 0
fintrack/api/internal/handler/expense_categories.go:209.9,211.3 1 0
fintrack/api/internal/handler/expense_categories.go:212.2,213.22 2 0
fintrack/api/internal/handler/expense_categories.go:213.22,216.3 2 0
fintrack/api/internal/handler/expense_categories.go:217.2,219.16 3 0
fintrack/api/internal/handler/expense_categories.go:219.16,223.3 3 0
fintrack/api/internal/handler/expense_categories.go:224.2,224.14 1 0
fintrack/api/internal/handler/expense_categories.go:224.14,227.3 2 0
fintrack/api/internal/handler/expense_categories.go:228.2,228.63 1 0
fintrack/api/internal/handler/fund_buckets.go:23.63,29.2 5 0
fintrack/api/internal/handler/fund_buckets.go:31.68,33.9 2 0
fintrack/api/internal/handler/fund_buckets.go:33.9,35.3 1 0
fintrack/api/internal/handler/fund_buckets.go:36.2,38.16 3 0
fintrack/api/internal/handler/fund_buckets.go:38.16,42.3 3 0
fintrack/api/internal/handler/fund_buckets.go:43.2,43.65 1 0
fintrack/api/internal/handler/fund_buckets.go:53.55,54.11 1 0
fintrack/api/internal/handler/fund_buckets.go:55.31,56.17 1 0
fintrack/api/internal/handler/fund_buckets.go:57.10,58.14 1 0
fintrack/api/internal/handler/fund_buckets.go:58.14,60.4 1 0
fintrack/api/internal/handler/fund_buckets.go:61.3,61.19 1 0
fintrack/api/internal/handler/fund_buckets.go:65.70,67.9 2 0
fintrack/api/internal/handler/fund_buckets.go:67.9,69.3 1 0
fintrack/api/internal/handler/fund_buckets.go:70.2,71.49 2 0
fintrack/api/internal/handler/fund_buckets.go:71.49,74.3 2 0
fintrack/api/internal/handler/fund_buckets.go:75.2,76.16 2 0
fintrack/api/internal/handler/fund_buckets.go:76.16,79.3 2 0
fintrack/api/internal/handler/fund_buckets.go:80.2,80.60 1 0
fintrack/api/internal/handler/fund_buckets.go:80.60,83.3 2 0
fintrack/api/internal/handler/fund_buckets.go:84.2,85.18 2 0
fintrack/api/internal/handler/fund_buckets.go:85.18,88.3 2 0
fintrack/api/internal/handler/fund_buckets.go:89.2,90.9 2 0
fintrack/api/internal/handler/fund_buckets.go:90.9,93.3 2 0
fintrack/api/internal/handler/fund_buckets.go:95.2,103.16 3 0
fintrack/api/internal/handler/fund_buckets.go:103.16,104.56 1 0
fintrack/api/internal/handler/fund_buckets.go:104.56,107.4 2 0
fintrack/api/internal/handler/fund_buckets.go:108.3,109.54 2 0
fintrack/api/internal/handler/fund_buckets.go:109.54,112.4 2 0
fintrack/api/internal/handler/fund_buckets.go:113.3,115.9 3 0
fintrack/api/internal/handler/fund_buckets.go:117.2,117.68 1 0
fintrack/api/internal/handler/fund_buckets.go:124.72,126.9 2 0
fintrack/api/internal/handler/fund_buckets.go:126.9,128.3 1 0
fintrack/api/internal/handler/fund_buckets.go:129.2,130.20 2 0
fintrack/api/internal/handler/fund_buckets.go:130.20,133.3 2 0
fintrack/api/internal/handler/fund_buckets.go:134.2,135.49 2 0
fintrack/api/internal/handler/fund_buckets.go:135.49,138.3 2 0
fintrack/api/internal/handler/fund_buckets.go:139.2,139.48 1 0
fintrack/api/internal/handler/fund_buckets.go:139.48,142.3 2 0
fintrack/api/internal/handler/fund_buckets.go:143.2,145.16 3 0
fintrack/api/internal/handler/fund_buckets.go:145.16,146.10 1 0
fintrack/api/internal/handler/fund_buckets.go:147.115,149.10 2 0
fintrack/api/internal/handler/fund_buckets.go:150.58,152.10 2 0
fintrack/api/internal/handler/fund_buckets.go:153.11,156.10 3 0
fintrack/api/internal/handler/fund_buckets.go:159.2,159.16 1 0
fintrack/api/internal/handler/fund_buckets.go:159.16,162.3 2 0
fintrack/api/internal/handler/fund_buckets.go:163.2,163.63 1 0
fintrack/api/internal/handler/fund_buckets.go:166.70,168.9 2 0
fintrack/api/internal/handler/fund_buckets.go:168.9,170.3 1 0
fintrack/api/internal/handler/fund_buckets.go:171.2,172.20 2 0
fintrack/api/internal/handler/fund_buckets.go:172.20,175.3 2 0
fintrack/api/internal/handler/fund_buckets.go:176.2,178.16 3 0
fintrack/api/internal/handler/fund_buckets.go:178.16,182.3 3 0
fintrack/api/internal/handler/fund_buckets.go:183.2,183.16 1 0
fintrack/api/internal/handler/fund_buckets.go:183.16,188.3 2 0
fintrack/api/internal/handler/fund_buckets.go:189.2,189.63 1 0
fintrack/api/internal/handler/fund_buckets.go:196.75,198.9 2 0
fintrack/api/internal/handler/fund_buckets.go:198.9,200.3 1 0
fintrack/api/internal/handler/fund_buckets.go:201.2,202.20 2 0
fintrack/api/internal/handler/fund_buckets.go:202.20,205.3 2 0
fintrack/api/internal/handler/fund_buckets.go:206.2,207.49 2 0
fintrack/api/internal/handler/fund_buckets.go:207.49,210.3 2 0
fintrack/api/internal/handler/fund_buckets.go:211.2,212.9 2 0
fintrack/api/internal/handler/fund_buckets.go:212.9,215.3 2 0
fintrack/api/internal/handler/fund_buckets.go:216.2,218.16 3 0
fintrack/api/internal/handler/fund_buckets.go:218.16,222.3 3 0
fintrack/api/internal/handler/fund_buckets.go:223.2,223.16 1 0
fintrack/api/internal/handler/fund_buckets.go:223.16,226.3 2 0
fintrack/api/internal/handler/fund_buckets.go:227.2,227.63 1 0
fintrack/api/internal/handler/handler.go:17.37,21.47 3 0
fintrack/api/internal/handler/handler.go:21.47,52.3 10 0
fintrack/api/internal/handler/handler.go:54.2,54.12 1 0
fintrack/api/internal/handler/health_handler.go:8.53,12.2 3 0
fintrack/api/internal/handler/session.go:11.108,13.15 2 0
fintrack/api/internal/handler/session.go:13.15,16.3 2 0
fintrack/api/internal/handler/session.go:17.2,18.16 2 0
fintrack/api/internal/handler/session.go:18.16,21.3 2 0
fintrack/api/internal/handler/session.go:22.2,22.19 1 0
fintrack/api/internal/httpx/json.go:12.58,16.2 3 0
fintrack/api/internal/httpx/json.go:19.47,23.2 3 0
fintrack/api/internal/middleware/auth.go:7.54,9.2 1 0
fintrack/api/internal/middleware/cors.go:10.61,12.23 2 0
fintrack/api/internal/middleware/cors.go:12.23,17.3 1 0
fintrack/api/internal/middleware/cors.go:18.2,19.28 2 0
fintrack/api/internal/middleware/cors.go:19.28,21.3 1 0
fintrack/api/internal/middleware/cors.go:23.2,23.46 1 0
fintrack/api/internal/middleware/cors.go:23.46,24.72 1 0
fintrack/api/internal/middleware/cors.go:24.72,26.20 2 0
fintrack/api/internal/middleware/cors.go:26.20,27.33 1 0
fintrack/api/internal/middleware/cors.go:27.33,31.6 3 0
fintrack/api/internal/middleware/cors.go:34.4,34.38 1 0
fintrack/api/internal/middleware/cors.go:34.38,39.5 4 0
fintrack/api/internal/middleware/cors.go:41.4,41.24 1 0
fintrack/api/internal/middleware/cors.go:46.44,48.26 2 0
fintrack/api/internal/middleware/cors.go:48.26,50.14 2 0
fintrack/api/internal/middleware/cors.go:50.14,52.4 1 0
fintrack/api/internal/middleware/cors.go:54.2,54.12 1 0
fintrack/api/internal/middleware/logging.go:10.46,11.71 1 0
fintrack/api/internal/middleware/logging.go:11.71,19.3 3 0
fintrack/api/internal/middleware/middleware.go:6.81,7.37 1 0
fintrack/api/internal/middleware/middleware.go:7.37,9.3 1 0
fintrack/api/internal/middleware/middleware.go:10.2,10.10 1 0
fintrack/api/internal/migrate/migrate.go:17.79,19.16 2 0
fintrack/api/internal/migrate/migrate.go:19.16,21.3 1 0
fintrack/api/internal/migrate/migrate.go:23.2,24.28 2 0
fintrack/api/internal/migrate/migrate.go:24.28,25.16 1 0
fintrack/api/internal/migrate/migrate.go:25.16,26.12 1 0
fintrack/api/internal/migrate/migrate.go:28.3,28.59 1 0
fintrack/api/internal/migrate/migrate.go:28.59,30.4 1 0
fintrack/api/internal/migrate/migrate.go:32.2,35.16 3 0
fintrack/api/internal/migrate/migrate.go:35.16,37.3 1 0
fintrack/api/internal/migrate/migrate.go:38.2,45.16 2 0
fintrack/api/internal/migrate/migrate.go:45.16,47.3 1 0
fintrack/api/internal/migrate/migrate.go:49.2,49.29 1 0
fintrack/api/internal/migrate/migrate.go:49.29,54.32 2 0
fintrack/api/internal/migrate/migrate.go:54.32,56.4 1 0
fintrack/api/internal/migrate/migrate.go:57.3,57.14 1 0
fintrack/api/internal/migrate/migrate.go:57.14,59.12 2 0
fintrack/api/internal/migrate/migrate.go:62.3,64.17 3 0
fintrack/api/internal/migrate/migrate.go:64.17,66.4 1 0
fintrack/api/internal/migrate/migrate.go:68.3,69.16 2 0
fintrack/api/internal/migrate/migrate.go:69.16,71.4 1 0
fintrack/api/internal/migrate/migrate.go:74.3,77.17 4 0
fintrack/api/internal/migrate/migrate.go:77.17,79.4 1 0
fintrack/api/internal/migrate/migrate.go:81.3,84.17 1 0
fintrack/api/internal/migrate/migrate.go:84.17,86.4 1 0
fintrack/api/internal/migrate/migrate.go:88.3,88.47 1 0
fintrack/api/internal/migrate/migrate.go:91.2,91.12 1 0
fintrack/api/internal/migrate/migrate.go:95.34,97.31 2 0
fintrack/api/internal/migrate/migrate.go:97.31,99.3 1 0
fintrack/api/internal/migrate/migrate.go:100.2,101.76 2 0
fintrack/api/internal/migrate/migrate.go:101.76,102.30 1 0
fintrack/api/internal/migrate/migrate.go:102.30,104.4 1 0
fintrack/api/internal/migrate/migrate.go:105.3,105.59 1 0
fintrack/api/internal/migrate/migrate.go:105.59,108.4 2 0
fintrack/api/internal/migrate/migrate.go:109.3,109.13 1 0
fintrack/api/internal/migrate/migrate.go:111.2,111.15 1 0
fintrack/api/internal/repository/bank_accounts.go:18.58,23.2 1 0
fintrack/api/internal/repository/bank_accounts.go:86.18,87.32 1 0
fintrack/api/internal/repository/bank_accounts.go:87.32,89.3 1 0
fintrack/api/internal/repository/bank_accounts.go:90.2,99.3 1 0
fintrack/api/internal/repository/bank_accounts.go:103.105,109.16 2 0
fintrack/api/internal/repository/bank_accounts.go:109.16,111.3 1 0
fintrack/api/internal/repository/bank_accounts.go:112.2,114.18 3 0
fintrack/api/internal/repository/bank_accounts.go:114.18,123.17 2 0
fintrack/api/internal/repository/bank_accounts.go:123.17,125.4 1 0
fintrack/api/internal/repository/bank_accounts.go:126.3,126.105 1 0
fintrack/api/internal/repository/bank_accounts.go:128.2,128.24 1 0
fintrack/api/internal/repository/bank_accounts.go:132.117,147.35 4 0
fintrack/api/internal/repository/bank_accounts.go:147.35,149.3 1 0
fintrack/api/internal/repository/bank_accounts.go:150.2,150.16 1 0
fintrack/api/internal/repository/bank_accounts.go:150.16,152.3 1 0
fintrack/api/internal/repository/bank_accounts.go:153.2,154.16 2 0
fintrack/api/internal/repository/bank_accounts.go:157.63,160.26 3 0
fintrack/api/internal/repository/bank_accounts.go:160.26,162.14 2 0
fintrack/api/internal/repository/bank_accounts.go:162.14,163.12 1 0
fintrack/api/internal/repository/bank_accounts.go:165.3,165.27 1 0
fintrack/api/internal/repository/bank_accounts.go:165.27,166.12 1 0
fintrack/api/internal/repository/bank_accounts.go:168.3,169.23 2 0
fintrack/api/internal/repository/bank_accounts.go:171.2,171.12 1 0
fintrack/api/internal/repository/bank_accounts.go:179.21,180.35 1 0
fintrack/api/internal/repository/bank_accounts.go:180.35,182.3 1 0
fintrack/api/internal/repository/bank_accounts.go:183.2,187.16 2 0
fintrack/api/internal/repository/bank_accounts.go:187.16,189.3 1 0
fintrack/api/internal/repository/bank_accounts.go:190.2,192.18 3 0
fintrack/api/internal/repository/bank_accounts.go:192.18,194.47 2 0
fintrack/api/internal/repository/bank_accounts.go:194.47,196.4 1 0
fintrack/api/internal/repository/bank_accounts.go:197.3,197.25 1 0
fintrack/api/internal/repository/bank_accounts.go:199.2,199.35 1 0
fintrack/api/internal/repository/bank_accounts.go:199.35,201.3 1 0
fintrack/api/internal/repository/bank_accounts.go:202.2,203.43 2 0
fintrack/api/internal/repository/bank_accounts.go:203.43,204.38 1 0
fintrack/api/internal/repository/bank_accounts.go:204.38,206.4 1 0
fintrack/api/internal/repository/bank_accounts.go:208.2,208.22 1 0
fintrack/api/internal/repository/bank_accounts.go:208.22,210.3 1 0
fintrack/api/internal/repository/bank_accounts.go:211.2,212.43 2 0
fintrack/api/internal/repository/bank_accounts.go:212.43,214.3 1 0
fintrack/api/internal/repository/bank_accounts.go:215.2,215.17 1 0
fintrack/api/internal/repository/bank_accounts.go:223.9,225.16 2 0
fintrack/api/internal/repository/bank_accounts.go:225.16,227.3 1 0
fintrack/api/internal/repository/bank_accounts.go:228.2,231.16 1 0
fintrack/api/internal/repository/bank_accounts.go:231.16,233.3 1 0
fintrack/api/internal/repository/bank_accounts.go:234.2,234.27 1 0
fintrack/api/internal/repository/bank_accounts.go:234.27,236.3 1 0
fintrack/api/internal/repository/bank_accounts.go:237.2,247.12 2 0
fintrack/api/internal/repository/bank_accounts.go:251.117,254.16 3 0
fintrack/api/internal/repository/bank_accounts.go:254.16,256.3 1 0
fintrack/api/internal/repository/bank_accounts.go:257.2,267.16 4 0
fintrack/api/internal/repository/bank_accounts.go:267.16,269.3 1 0
fintrack/api/internal/repository/bank_accounts.go:271.2,271.85 1 0
fintrack/api/internal/repository/bank_accounts.go:271.85,273.3 1 0
fintrack/api/internal/repository/bank_accounts.go:274.2,274.39 1 0
fintrack/api/internal/repository/bank_accounts.go:274.39,276.3 1 0
fintrack/api/internal/repository/bank_accounts.go:277.2,277.56 1 0
fintrack/api/internal/repository/bank_accounts.go:281.37,282.26 1 0
fintrack/api/internal/repository/bank_accounts.go:282.26,284.3 1 0
fintrack/api/internal/repository/bank_accounts.go:285.2,285.11 1 0
fintrack/api/internal/repository/bank_accounts.go:289.117,291.16 2 0
fintrack/api/internal/repository/bank_accounts.go:291.16,293.3 1 0
fintrack/api/internal/repository/bank_accounts.go:294.2,298.12 3 0
fintrack/api/internal/repository/bank_accounts.go:298.12,313.17 2 0
fintrack/api/internal/repository/bank_accounts.go:313.17,315.4 1 0
fintrack/api/internal/repository/bank_accounts.go:316.3,316.30 1 0
fintrack/api/internal/repository/bank_accounts.go:316.30,319.4 2 0
fintrack/api/internal/repository/bank_accounts.go:322.2,322.28 1 0
fintrack/api/internal/repository/bank_accounts.go:322.28,324.93 2 0
fintrack/api/internal/repository/bank_accounts.go:324.93,326.4 1 0
fintrack/api/internal/repository/bank_accounts.go:329.2,329.39 1 0
fintrack/api/internal/repository/bank_accounts.go:329.39,331.3 1 0
fintrack/api/internal/repository/bank_accounts.go:332.2,332.63 1 0
fintrack/api/internal/repository/bank_accounts.go:336.105,341.16 2 0
fintrack/api/internal/repository/bank_accounts.go:341.16,343.3 1 0
fintrack/api/internal/repository/bank_accounts.go:344.2,344.36 1 0
fintrack/api/internal/repository/credit_cards.go:103.65,106.18 3 0
fintrack/api/internal/repository/credit_cards.go:106.18,120.17 2 0
fintrack/api/internal/repository/credit_cards.go:120.17,122.4 1 0
fintrack/api/internal/repository/credit_cards.go:123.3,123.18 1 0
fintrack/api/internal/repository/credit_cards.go:123.18,125.4 1 0
fintrack/api/internal/repository/credit_cards.go:126.3,134.112 2 0
fintrack/api/internal/repository/credit_cards.go:134.112,136.19 2 0
fintrack/api/internal/repository/credit_cards.go:136.19,139.5 2 0
fintrack/api/internal/repository/credit_cards.go:140.4,141.20 2 0
fintrack/api/internal/repository/credit_cards.go:141.20,143.5 1 0
fintrack/api/internal/repository/credit_cards.go:144.4,145.19 2 0
fintrack/api/internal/repository/credit_cards.go:145.19,148.5 2 0
fintrack/api/internal/repository/credit_cards.go:149.4,156.5 1 0
fintrack/api/internal/repository/credit_cards.go:158.3,158.23 1 0
fintrack/api/internal/repository/credit_cards.go:160.2,160.24 1 0
fintrack/api/internal/repository/credit_cards.go:164.103,178.16 3 0
fintrack/api/internal/repository/credit_cards.go:178.16,180.3 1 0
fintrack/api/internal/repository/credit_cards.go:181.2,181.33 1 0
fintrack/api/internal/repository/credit_cards.go:185.112,199.16 3 0
fintrack/api/internal/repository/credit_cards.go:199.16,201.3 1 0
fintrack/api/internal/repository/credit_cards.go:202.2,203.16 2 0
fintrack/api/internal/repository/credit_cards.go:203.16,205.3 1 0
fintrack/api/internal/repository/credit_cards.go:206.2,206.20 1 0
fintrack/api/internal/repository/credit_cards.go:206.20,208.3 1 0
fintrack/api/internal/repository/credit_cards.go:209.2,209.22 1 0
fintrack/api/internal/repository/credit_cards.go:217.9,219.16 2 0
fintrack/api/internal/repository/credit_cards.go:219.16,221.3 1 0
fintrack/api/internal/repository/credit_cards.go:222.2,225.16 1 0
fintrack/api/internal/repository/credit_cards.go:225.16,227.3 1 0
fintrack/api/internal/repository/credit_cards.go:228.2,228.27 1 0
fintrack/api/internal/repository/credit_cards.go:228.27,230.3 1 0
fintrack/api/internal/repository/credit_cards.go:231.2,241.12 2 0
fintrack/api/internal/repository/credit_cards.go:245.114,248.16 3 0
fintrack/api/internal/repository/credit_cards.go:248.16,250.3 1 0
fintrack/api/internal/repository/credit_cards.go:251.2,263.16 4 0
fintrack/api/internal/repository/credit_cards.go:263.16,265.3 1 0
fintrack/api/internal/repository/credit_cards.go:266.2,266.95 1 0
fintrack/api/internal/repository/credit_cards.go:266.95,268.3 1 0
fintrack/api/internal/repository/credit_cards.go:269.2,269.39 1 0
fintrack/api/internal/repository/credit_cards.go:269.39,271.3 1 0
fintrack/api/internal/repository/credit_cards.go:272.2,272.55 1 0
fintrack/api/internal/repository/credit_cards.go:276.114,278.16 2 0
fintrack/api/internal/repository/credit_cards.go:278.16,280.3 1 0
fintrack/api/internal/repository/credit_cards.go:281.2,298.16 3 0
fintrack/api/internal/repository/credit_cards.go:298.16,300.3 1 0
fintrack/api/internal/repository/credit_cards.go:301.2,301.29 1 0
fintrack/api/internal/repository/credit_cards.go:301.29,303.3 1 0
fintrack/api/internal/repository/credit_cards.go:304.2,304.35 1 0
fintrack/api/internal/repository/credit_cards.go:304.35,306.100 2 0
fintrack/api/internal/repository/credit_cards.go:306.100,308.4 1 0
fintrack/api/internal/repository/credit_cards.go:310.2,310.39 1 0
fintrack/api/internal/repository/credit_cards.go:310.39,312.3 1 0
fintrack/api/internal/repository/credit_cards.go:313.2,313.59 1 0
fintrack/api/internal/repository/credit_cards.go:317.101,322.16 2 0
fintrack/api/internal/repository/credit_cards.go:322.16,324.3 1 0
fintrack/api/internal/repository/credit_cards.go:325.2,325.36 1 0
fintrack/api/internal/repository/expense_categories.go:38.114,46.16 2 0
fintrack/api/internal/repository/expense_categories.go:46.16,48.3 1 0
fintrack/api/internal/repository/expense_categories.go:49.2,51.18 3 0
fintrack/api/internal/repository/expense_categories.go:51.18,53.89 2 0
fintrack/api/internal/repository/expense_categories.go:53.89,55.4 1 0
fintrack/api/internal/repository/expense_categories.go:56.3,56.23 1 0
fintrack/api/internal/repository/expense_categories.go:58.2,58.24 1 0
fintrack/api/internal/repository/expense_categories.go:62.126,72.35 4 0
fintrack/api/internal/repository/expense_categories.go:72.35,74.3 1 0
fintrack/api/internal/repository/expense_categories.go:75.2,75.16 1 0
fintrack/api/internal/repository/expense_categories.go:75.16,77.3 1 0
fintrack/api/internal/repository/expense_categories.go:78.2,78.16 1 0
fintrack/api/internal/repository/expense_categories.go:82.129,90.16 3 0
fintrack/api/internal/repository/expense_categories.go:90.16,92.3 1 0
fintrack/api/internal/repository/expense_categories.go:93.2,93.60 1 0
fintrack/api/internal/repository/expense_categories.go:97.129,110.16 2 0
fintrack/api/internal/repository/expense_categories.go:110.16,112.3 1 0
fintrack/api/internal/repository/expense_categories.go:113.2,113.29 1 0
fintrack/api/internal/repository/expense_categories.go:113.29,115.3 1 0
fintrack/api/internal/repository/expense_categories.go:116.2,116.68 1 0
fintrack/api/internal/repository/expense_categories.go:120.110,125.16 2 0
fintrack/api/internal/repository/expense_categories.go:125.16,127.3 1 0
fintrack/api/internal/repository/expense_categories.go:128.2,128.36 1 0
fintrack/api/internal/repository/export.go:14.99,16.16 2 0
fintrack/api/internal/repository/export.go:16.16,18.3 1 0
fintrack/api/internal/repository/export.go:19.2,35.16 5 0
fintrack/api/internal/repository/export.go:35.16,37.3 1 0
fintrack/api/internal/repository/export.go:39.2,52.9 5 0
fintrack/api/internal/repository/export.go:53.37,54.13 1 0
fintrack/api/internal/repository/export.go:55.18,56.18 1 0
fintrack/api/internal/repository/export.go:57.10,58.12 1 0
fintrack/api/internal/repository/export.go:61.2,62.16 2 0
fintrack/api/internal/repository/export.go:62.16,64.3 1 0
fintrack/api/internal/repository/export.go:65.2,66.16 2 0
fintrack/api/internal/repository/export.go:66.16,68.3 1 0
fintrack/api/internal/repository/export.go:69.2,70.16 2 0
fintrack/api/internal/repository/export.go:70.16,72.3 1 0
fintrack/api/internal/repository/export.go:73.2,74.16 2 0
fintrack/api/internal/repository/export.go:74.16,76.3 1 0
fintrack/api/internal/repository/export.go:77.2,78.16 2 0
fintrack/api/internal/repository/export.go:78.16,80.3 1 0
fintrack/api/internal/repository/export.go:82.2,82.39 1 0
fintrack/api/internal/repository/export.go:82.39,84.3 1 0
fintrack/api/internal/repository/export.go:86.2,97.46 2 0
fintrack/api/internal/repository/export.go:100.99,127.16 2 0
fintrack/api/internal/repository/export.go:127.16,129.3 1 0
fintrack/api/internal/repository/export.go:130.2,132.18 3 0
fintrack/api/internal/repository/export.go:132.18,141.17 2 0
fintrack/api/internal/repository/export.go:141.17,143.4 1 0
fintrack/api/internal/repository/export.go:144.3,150.19 2 0
fintrack/api/internal/repository/export.go:150.19,152.4 1 0
fintrack/api/internal/repository/export.go:152.9,154.4 1 0
fintrack/api/internal/repository/export.go:155.3,155.19 1 0
fintrack/api/internal/repository/export.go:155.19,157.4 1 0
fintrack/api/internal/repository/export.go:157.9,159.4 1 0
fintrack/api/internal/repository/export.go:160.3,160.23 1 0
fintrack/api/internal/repository/export.go:162.2,162.24 1 0
fintrack/api/internal/repository/export.go:165.98,172.16 2 0
fintrack/api/internal/repository/export.go:172.16,174.3 1 0
fintrack/api/internal/repository/export.go:175.2,177.18 3 0
fintrack/api/internal/repository/export.go:177.18,184.17 2 0
fintrack/api/internal/repository/export.go:184.17,186.4 1 0
fintrack/api/internal/repository/export.go:187.3,191.5 1 0
fintrack/api/internal/repository/export.go:193.2,193.24 1 0
fintrack/api/internal/repository/export.go:196.98,223.16 2 0
fintrack/api/internal/repository/export.go:223.16,225.3 1 0
fintrack/api/internal/repository/export.go:226.2,228.18 3 0
fintrack/api/internal/repository/export.go:228.18,239.17 2 0
fintrack/api/internal/repository/export.go:239.17,241.4 1 0
fintrack/api/internal/repository/export.go:242.3,247.5 1 0
fintrack/api/internal/repository/export.go:249.2,249.24 1 0
fintrack/api/internal/repository/export.go:252.102,260.16 2 0
fintrack/api/internal/repository/export.go:260.16,262.3 1 0
fintrack/api/internal/repository/export.go:263.2,265.18 3 0
fintrack/api/internal/repository/export.go:265.18,273.108 2 0
fintrack/api/internal/repository/export.go:273.108,275.4 1 0
fintrack/api/internal/repository/export.go:276.3,281.17 2 0
fintrack/api/internal/repository/export.go:281.17,283.4 1 0
fintrack/api/internal/repository/export.go:283.9,285.4 1 0
fintrack/api/internal/repository/export.go:286.3,286.21 1 0
fintrack/api/internal/repository/export.go:286.21,288.4 1 0
fintrack/api/internal/repository/export.go:288.9,290.4 1 0
fintrack/api/internal/repository/export.go:291.3,291.23 1 0
fintrack/api/internal/repository/export.go:293.2,293.24 1 0
fintrack/api/internal/repository/export.go:296.104,303.16 2 0
fintrack/api/internal/repository/export.go:303.16,305.3 1 0
fintrack/api/internal/repository/export.go:306.2,308.18 3 0
fintrack/api/internal/repository/export.go:308.18,310.95 2 0
fintrack/api/internal/repository/export.go:310.95,312.4 1 0
fintrack/api/internal/repository/export.go:313.3,316.5 1 0
fintrack/api/internal/repository/export.go:318.2,318.24 1 0
fintrack/api/internal/repository/fund_buckets.go:40.103,58.16 2 0
fintrack/api/internal/repository/fund_buckets.go:58.16,60.3 1 0
fintrack/api/internal/repository/fund_buckets.go:61.2,63.18 3 0
fintrack/api/internal/repository/fund_buckets.go:63.18,65.149 2 0
fintrack/api/internal/repository/fund_buckets.go:65.149,67.4 1 0
fintrack/api/internal/repository/fund_buckets.go:68.3,68.23 1 0
fintrack/api/internal/repository/fund_buckets.go:70.2,70.24 1 0
fintrack/api/internal/repository/fund_buckets.go:74.114,80.16 3 0
fintrack/api/internal/repository/fund_buckets.go:80.16,81.36 1 0
fintrack/api/internal/repository/fund_buckets.go:81.36,83.4 1 0
fintrack/api/internal/repository/fund_buckets.go:84.3,84.18 1 0
fintrack/api/internal/repository/fund_buckets.go:87.2,106.147 3 0
fintrack/api/internal/repository/fund_buckets.go:106.147,108.3 1 0
fintrack/api/internal/repository/fund_buckets.go:109.2,109.16 1 0
fintrack/api/internal/repository/fund_buckets.go:113.134,115.16 2 0
fintrack/api/internal/repository/fund_buckets.go:115.16,117.3 1 0
fintrack/api/internal/repository/fund_buckets.go:118.2,130.16 6 0
fintrack/api/internal/repository/fund_buckets.go:130.16,131.36 1 0
fintrack/api/internal/repository/fund_buckets.go:131.36,133.4 1 0
fintrack/api/internal/repository/fund_buckets.go:134.3,134.18 1 0
fintrack/api/internal/repository/fund_buckets.go:136.2,136.15 1 0
fintrack/api/internal/repository/fund_buckets.go:136.15,138.3 1 0
fintrack/api/internal/repository/fund_buckets.go:140.2,148.16 3 0
fintrack/api/internal/repository/fund_buckets.go:148.16,149.36 1 0
fintrack/api/internal/repository/fund_buckets.go:149.36,151.4 1 0
fintrack/api/internal/repository/fund_buckets.go:152.3,152.18 1 0
fintrack/api/internal/repository/fund_buckets.go:155.2,163.16 3 0
fintrack/api/internal/repository/fund_buckets.go:163.16,165.3 1 0
fintrack/api/internal/repository/fund_buckets.go:167.2,168.24 2 0
fintrack/api/internal/repository/fund_buckets.go:168.24,170.3 1 0
fintrack/api/internal/repository/fund_buckets.go:172.2,176.46 1 0
fintrack/api/internal/repository/fund_buckets.go:176.46,178.3 1 0
fintrack/api/internal/repository/fund_buckets.go:180.2,198.147 3 0
fintrack/api/internal/repository/fund_buckets.go:198.147,200.3 1 0
fintrack/api/internal/repository/fund_buckets.go:201.2,201.39 1 0
fintrack/api/internal/repository/fund_buckets.go:201.39,203.3 1 0
fintrack/api/internal/repository/fund_buckets.go:204.2,204.16 1 0
fintrack/api/internal/repository/fund_buckets.go:208.113,232.35 4 0
fintrack/api/internal/repository/fund_buckets.go:232.35,234.3 1 0
fintrack/api/internal/repository/fund_buckets.go:235.2,235.16 1 0
fintrack/api/internal/repository/fund_buckets.go:235.16,237.3 1 0
fintrack/api/internal/repository/fund_buckets.go:238.2,238.16 1 0
fintrack/api/internal/repository/fund_buckets.go:242.128,264.35 4 0
fintrack/api/internal/repository/fund_buckets.go:264.35,266.3 1 0
fintrack/api/internal/repository/fund_buckets.go:267.2,267.16 1 0
fintrack/api/internal/repository/fund_buckets.go:267.16,269.3 1 0
fintrack/api/internal/repository/fund_buckets.go:270.2,270.16 1 0
fintrack/api/internal/repository/profile.go:16.94,20.35 4 0
fintrack/api/internal/repository/profile.go:20.35,22.3 1 0
fintrack/api/internal/repository/profile.go:23.2,23.16 1 0
fintrack/api/internal/repository/profile.go:23.16,25.3 1 0
fintrack/api/internal/repository/profile.go:26.2,26.16 1 0
fintrack/api/internal/repository/profile.go:30.163,42.2 2 0
fintrack/api/internal/repository/profile.go:44.89,47.2 2 0
fintrack/api/internal/repository/profile.go:49.79,52.2 2 0
fintrack/api/internal/repository/signup.go:10.128,12.16 2 0
fintrack/api/internal/repository/signup.go:12.16,14.3 1 0
fintrack/api/internal/repository/signup.go:15.2,24.16 4 0
fintrack/api/internal/repository/signup.go:24.16,26.3 1 0
fintrack/api/internal/repository/signup.go:28.2,33.16 2 0
fintrack/api/internal/repository/signup.go:33.16,35.3 1 0
fintrack/api/internal/repository/signup.go:37.2,37.23 1 0
fintrack/api/internal/repository/user.go:19.99,24.35 4 0
fintrack/api/internal/repository/user.go:24.35,26.3 1 0
fintrack/api/internal/repository/user.go:27.2,27.16 1 0
fintrack/api/internal/repository/user.go:27.16,29.3 1 0
fintrack/api/internal/repository/user.go:30.2,30.16 1 0
fintrack/api/internal/repository/user.go:33.89,37.35 4 0
fintrack/api/internal/repository/user.go:37.35,39.3 1 0
fintrack/api/internal/repository/user.go:40.2,40.16 1 0
fintrack/api/internal/repository/user.go:40.16,42.3 1 0
fintrack/api/internal/repository/user.go:43.2,43.16 1 0
fintrack/api/internal/repository/user.go:46.40,49.2 2 0
fintrack/api/internal/testutil/postgres.go:18.41,21.9 3 0
fintrack/api/internal/testutil/postgres.go:21.9,23.3 1 0
fintrack/api/internal/testutil/postgres.go:25.2,25.84 1 0
fintrack/api/internal/testutil/postgres.go:29.60,43.16 4 0
fintrack/api/internal/testutil/postgres.go:43.16,45.3 1 0
fintrack/api/internal/testutil/postgres.go:47.2,48.16 2 0
fintrack/api/internal/testutil/postgres.go:48.16,51.3 2 0
fintrack/api/internal/testutil/postgres.go:53.2,54.16 2 0
fintrack/api/internal/testutil/postgres.go:54.16,57.3 2 0
fintrack/api/internal/testutil/postgres.go:59.2,59.20 1 0
fintrack/api/internal/testutil/postgres.go:59.20,62.3 2 0
fintrack/api/internal/testutil/postgres.go:63.2,63.22 1 0
fintrack/api/pkg/logger/logger.go:9.13,12.2 2 0
fintrack/api/internal/auth/otp_gen.go:9.43,12.16 3 0
fintrack/api/internal/auth/otp_gen.go:12.16,14.3 1 0
fintrack/api/internal/auth/otp_gen.go:15.2,15.44 1 0
fintrack/api/internal/auth/otp_jwt.go:22.110,24.16 2 0
fintrack/api/internal/auth/otp_jwt.go:24.16,26.3 1 0
fintrack/api/internal/auth/otp_jwt.go:27.2,28.16 2 0
fintrack/api/internal/auth/otp_jwt.go:28.16,30.3 1 0
fintrack/api/internal/auth/otp_jwt.go:31.2,40.22 3 0
fintrack/api/internal/auth/otp_jwt.go:40.22,42.3 1 0
fintrack/api/internal/auth/otp_jwt.go:44.2,46.16 3 0
fintrack/api/internal/auth/otp_jwt.go:46.16,48.3 1 0
fintrack/api/internal/auth/otp_jwt.go:49.2,49.87 1 0
fintrack/api/internal/auth/otp_jwt.go:52.109,53.69 1 0
fintrack/api/internal/auth/otp_jwt.go:53.69,54.41 1 0
fintrack/api/internal/auth/otp_jwt.go:54.41,56.4 1 0
fintrack/api/internal/auth/otp_jwt.go:57.3,57.21 1 0
fintrack/api/internal/auth/otp_jwt.go:59.2,59.33 1 0
fintrack/api/internal/auth/otp_jwt.go:59.33,61.3 1 0
fintrack/api/internal/auth/otp_jwt.go:62.2,63.12 2 0
fintrack/api/internal/auth/otp_jwt.go:63.12,65.3 1 0
fintrack/api/internal/auth/otp_jwt.go:66.2,66.49 1 0
fintrack/api/internal/auth/otp_jwt.go:66.49,68.3 1 0
fintrack/api/internal/auth/otp_jwt.go:69.2,70.37 2 0
fintrack/api/internal/auth/otp_jwt.go:70.37,72.3 1 0
fintrack/api/internal/auth/otp_jwt.go:73.2,73.22 1 0
fintrack/api/internal/auth/otp_jwt.go:73.22,75.23 2 0
fintrack/api/internal/auth/otp_jwt.go:75.23,77.4 1 0
fintrack/api/internal/auth/otp_jwt.go:79.2,80.13 2 0
fintrack/api/internal/auth/otp_jwt.go:80.13,82.3 1 0
fintrack/api/internal/auth/otp_jwt.go:83.2,83.16 1 0
fintrack/api/internal/auth/password.go:7.49,9.16 2 0
fintrack/api/internal/auth/password.go:9.16,11.3 1 0
fintrack/api/internal/auth/password.go:12.2,12.23 1 0
fintrack/api/internal/auth/password.go:15.46,17.2 1 0
fintrack/api/internal/auth/password.go:19.44,21.16 2 0
fintrack/api/internal/auth/password.go:21.16,23.3 1 0
fintrack/api/internal/auth/password.go:24.2,24.23 1 0
fintrack/api/internal/auth/password.go:27.41,29.2 1 0
fintrack/api/internal/auth/session_jwt.go:16.73,26.2 4 1
fintrack/api/internal/auth/session_jwt.go:28.79,29.66 1 2
fintrack/api/internal/auth/session_jwt.go:29.66,30.41 1 1
fintrack/api/internal/auth/session_jwt.go:30.41,32.4 1 0
fintrack/api/internal/auth/session_jwt.go:33.3,33.21 1 1
fintrack/api/internal/auth/session_jwt.go:35.2,35.33 1 2
fintrack/api/internal/auth/session_jwt.go:35.33,37.3 1 1
fintrack/api/internal/auth/session_jwt.go:38.2,39.9 2 1
fintrack/api/internal/auth/session_jwt.go:39.9,41.3 1 0
fintrack/api/internal/auth/session_jwt.go:42.2,44.28 3 1
fintrack/api/internal/auth/session_jwt.go:44.28,46.3 1 0
fintrack/api/internal/auth/session_jwt.go:47.2,47.51 1 1
fintrack/api/internal/auth/validate.go:14.42,16.2 1 0
fintrack/api/internal/auth/validate.go:18.41,20.29 2 0
fintrack/api/internal/auth/validate.go:20.29,22.3 1 0
fintrack/api/internal/auth/validate.go:23.2,23.11 1 0
fintrack/api/internal/auth/validate.go:26.47,27.23 1 0
fintrack/api/internal/auth/validate.go:27.23,29.3 1 0
fintrack/api/internal/auth/validate.go:30.2,30.11 1 0
fintrack/api/internal/auth/validate.go:33.37,35.25 2 0
fintrack/api/internal/auth/validate.go:35.25,37.3 1 0
fintrack/api/internal/auth/validate.go:38.2,38.22 1 0
fintrack/api/internal/auth/validate.go:38.22,39.25 1 0
fintrack/api/internal/auth/validate.go:39.25,41.4 1 0
fintrack/api/internal/auth/validate.go:43.2,43.11 1 0
fintrack/api/internal/auth/validate.go:46.47,49.2 2 0
fintrack/api/internal/auth/validate.go:51.46,53.16 2 0
fintrack/api/internal/auth/validate.go:53.16,55.3 1 0
fintrack/api/internal/auth/validate.go:56.2,56.17 1 0
fintrack/api/internal/auth/validate.go:56.17,58.3 1 0
fintrack/api/internal/auth/validate.go:59.2,59.11 1 0
fintrack/api/internal/auth/validate.go:62.50,64.41 2 0
fintrack/api/internal/auth/validate.go:64.41,66.3 1 0
fintrack/api/internal/auth/validate.go:67.2,67.14 1 0
fintrack/api/internal/auth/validate.go:70.53,72.42 2 0
fintrack/api/internal/auth/validate.go:72.42,74.3 1 0
fintrack/api/internal/auth/validate.go:75.2,75.11 1 0
fintrack/api/internal/config/config.go:25.29,27.16 2 0
fintrack/api/internal/config/config.go:27.16,29.3 1 0
fintrack/api/internal/config/config.go:30.2,30.49 1 0
fintrack/api/internal/config/config.go:30.49,32.3 1 0
fintrack/api/internal/config/config.go:34.2,36.16 3 0
fintrack/api/internal/config/config.go:36.16,38.3 1 0
fintrack/api/internal/config/config.go:40.2,48.23 4 0
fintrack/api/internal/config/config.go:48.23,50.20 2 0
fintrack/api/internal/config/config.go:50.20,52.4 1 0
fintrack/api/internal/config/config.go:53.3,53.26 1 0
fintrack/api/internal/config/config.go:56.2,57.74 2 0
fintrack/api/internal/config/config.go:57.74,59.14 2 0
fintrack/api/internal/config/config.go:59.14,61.4 1 0
fintrack/api/internal/config/config.go:64.2,72.8 1 0
fintrack/api/internal/config/config.go:77.46,78.65 1 0
fintrack/api/internal/config/config.go:78.65,80.3 1 0
fintrack/api/internal/config/config.go:81.2,82.16 2 0
fintrack/api/internal/config/config.go:82.16,84.3 1 0
fintrack/api/internal/config/config.go:85.2,89.31 2 0
fintrack/api/internal/config/config.go:89.31,90.54 1 0
fintrack/api/internal/config/config.go:90.54,92.4 1 0
fintrack/api/internal/config/config.go:94.2,94.143 1 0
fintrack/api/internal/handler/auth.go:25.71,27.15 2 0
fintrack/api/internal/handler/auth.go:27.15,29.3 1 0
fintrack/api/internal/handler/auth.go:30.2,30.50 1 0
fintrack/api/internal/handler/auth.go:34.49,46.2 11 0
fintrack/api/internal/handler/auth.go:48.66,54.49 3 0
fintrack/api/internal/handler/auth.go:54.49,57.3 2 0
fintrack/api/internal/handler/auth.go:58.2,58.54 1 0
fintrack/api/internal/handler/auth.go:58.54,61.3 2 0
fintrack/api/internal/handler/auth.go:62.2,62.60 1 0
fintrack/api/internal/handler/auth.go:62.60,65.3 2 0
fintrack/api/internal/handler/auth.go:66.2,68.16 3 0
fintrack/api/internal/handler/auth.go:68.16,72.3 3 0
fintrack/api/internal/handler/auth.go:73.2,73.75 1 0
fintrack/api/internal/handler/auth.go:73.75,76.3 2 0
fintrack/api/internal/handler/auth.go:77.2,77.22 1 0
fintrack/api/internal/handler/auth.go:77.22,82.3 2 0
fintrack/api/internal/handler/auth.go:83.2,84.16 2 0
fintrack/api/internal/handler/auth.go:84.16,88.3 3 0
fintrack/api/internal/handler/auth.go:89.2,96.4 2 0
fintrack/api/internal/handler/auth.go:99.67,107.49 3 0
fintrack/api/internal/handler/auth.go:107.49,110.3 2 0
fintrack/api/internal/handler/auth.go:111.2,111.54 1 0
fintrack/api/internal/handler/auth.go:111.54,114.3 2 0
fintrack/api/internal/handler/auth.go:115.2,115.60 1 0
fintrack/api/internal/handler/auth.go:115.60,118.3 2 0
fintrack/api/internal/handler/auth.go:119.2,119.59 1 0
fintrack/api/internal/handler/auth.go:119.59,122.3 2 0
fintrack/api/internal/handler/auth.go:123.2,123.78 1 0
fintrack/api/internal/handler/auth.go:123.78,126.3 2 0
fintrack/api/internal/handler/auth.go:127.2,129.16 3 0
fintrack/api/internal/handler/auth.go:129.16,133.3 3 0
fintrack/api/internal/handler/auth.go:134.2,137.16 4 0
fintrack/api/internal/handler/auth.go:137.16,138.40 1 0
fintrack/api/internal/handler/auth.go:138.40,141.4 2 0
fintrack/api/internal/handler/auth.go:142.3,144.9 3 0
fintrack/api/internal/handler/auth.go:146.2,149.4 1 0
fintrack/api/internal/handler/auth.go:152.67,155.2 2 0
fintrack/api/internal/handler/auth.go:157.62,160.16 3 0
fintrack/api/internal/handler/auth.go:160.16,163.3 2 0
fintrack/api/internal/handler/auth.go:164.2,165.31 2 0
fintrack/api/internal/handler/auth.go:165.31,168.3 2 0
fintrack/api/internal/handler/auth.go:169.2,170.16 2 0
fintrack/api/internal/handler/auth.go:170.16,174.3 3 0
fintrack/api/internal/handler/auth.go:175.2,176.16 2 0
fintrack/api/internal/handler/auth.go:176.16,178.3 1 0
fintrack/api/internal/handler/auth.go:179.2,188.4 2 0
fintrack/api/internal/handler/auth.go:191.64,194.16 3 0
fintrack/api/internal/handler/auth.go:194.16,197.3 2 0
fintrack/api/internal/handler/auth.go:198.2,202.49 2 0
fintrack/api/internal/handler/auth.go:202.49,205.3 2 0
fintrack/api/internal/handler/auth.go:206.2,208.26 3 0
fintrack/api/internal/handler/auth.go:208.26,211.3 2 0
fintrack/api/internal/handler/auth.go:212.2,212.13 1 0
fintrack/api/internal/handler/auth.go:212.13,213.61 1 0
fintrack/api/internal/handler/auth.go:213.61,216.4 2 0
fintrack/api/internal/handler/auth.go:218.2,218.13 1 0
fintrack/api/internal/handler/auth.go:218.13,219.80 1 0
fintrack/api/internal/handler/auth.go:219.80,222.4 2 0
fintrack/api/internal/handler/auth.go:224.2,225.31 2 0
fintrack/api/internal/handler/auth.go:225.31,228.3 2 0
fintrack/api/internal/handler/auth.go:229.2,231.13 3 0
fintrack/api/internal/handler/auth.go:231.13,233.3 1 0
fintrack/api/internal/handler/auth.go:234.2,235.13 2 0
fintrack/api/internal/handler/auth.go:235.13,237.3 1 0
fintrack/api/internal/handler/auth.go:238.2,239.13 2 0
fintrack/api/internal/handler/auth.go:239.13,242.3 2 0
fintrack/api/internal/handler/auth.go:243.2,243.13 1 0
fintrack/api/internal/handler/auth.go:243.13,246.3 2 0
fintrack/api/internal/handler/auth.go:247.2,247.129 1 0
fintrack/api/internal/handler/auth.go:247.129,251.3 3 0
fintrack/api/internal/handler/auth.go:252.2,253.16 2 0
fintrack/api/internal/handler/auth.go:253.16,257.3 3 0
fintrack/api/internal/handler/auth.go:258.2,259.23 2 0
fintrack/api/internal/handler/auth.go:259.23,261.3 1 0
fintrack/api/internal/handler/auth.go:262.2,272.4 2 0
fintrack/api/internal/handler/auth.go:275.75,280.49 3 0
fintrack/api/internal/handler/auth.go:280.49,283.3 2 0
fintrack/api/internal/handler/auth.go:284.2,284.54 1 0
fintrack/api/internal/handler/auth.go:284.54,287.3 2 0
fintrack/api/internal/handler/auth.go:288.2,289.16 2 0
fintrack/api/internal/handler/auth.go:289.16,293.3 3 0
fintrack/api/internal/handler/auth.go:294.2,294.17 1 0
fintrack/api/internal/handler/auth.go:294.17,300.3 2 0
fintrack/api/internal/handler/auth.go:301.2,303.16 3 0
fintrack/api/internal/handler/auth.go:303.16,307.3 3 0
fintrack/api/internal/handler/auth.go:308.2,314.4 2 0
fintrack/api/internal/handler/auth.go:317.74,325.49 3 0
fintrack/api/internal/handler/auth.go:325.49,328.3 2 0
fintrack/api/internal/handler/auth.go:329.2,329.54 1 0
fintrack/api/internal/handler/auth.go:329.54,332.3 2 0
fintrack/api/internal/handler/auth.go:333.2,333.50 1 0
fintrack/api/internal/handler/auth.go:333.50,336.3 2 0
fintrack/api/internal/handler/auth.go:337.2,337.63 1 0
fintrack/api/internal/handler/auth.go:337.63,340.3 2 0
fintrack/api/internal/handler/auth.go:341.2,341.44 1 0
fintrack/api/internal/handler/auth.go:341.44,344.3 2 0
fintrack/api/internal/handler/auth.go:345.2,346.31 2 0
fintrack/api/internal/handler/auth.go:346.31,349.3 2 0
fintrack/api/internal/handler/auth.go:350.2,352.27 3 0
fintrack/api/internal/handler/auth.go:352.27,355.3 2 0
fintrack/api/internal/handler/auth.go:356.2,357.16 2 0
fintrack/api/internal/handler/auth.go:357.16,360.3 2 0
fintrack/api/internal/handler/auth.go:361.2,361.76 1 0
fintrack/api/internal/handler/auth.go:361.76,365.3 3 0
fintrack/api/internal/handler/auth.go:366.2,370.4 1 0
fintrack/api/internal/handler/auth.go:373.85,376.16 3 0
fintrack/api/internal/handler/auth.go:376.16,379.3 2 0
fintrack/api/internal/handler/auth.go:380.2,381.31 2 0
fintrack/api/internal/handler/auth.go:381.31,384.3 2 0
fintrack/api/internal/handler/auth.go:385.2,386.16 2 0
fintrack/api/internal/handler/auth.go:386.16,389.3 2 0
fintrack/api/internal/handler/auth.go:390.2,396.4 2 0
fintrack/api/internal/handler/auth.go:399.75,402.16 3 0
fintrack/api/internal/handler/auth.go:402.16,405.3 2 0
fintrack/api/internal/handler/auth.go:406.2,411.49 2 0
fintrack/api/internal/handler/auth.go:411.49,414.3 2 0
fintrack/api/internal/handler/auth.go:415.2,415.50 1 0
fintrack/api/internal/handler/auth.go:415.50,418.3 2 0
fintrack/api/internal/handler/auth.go:419.2,419.63 1 0
fintrack/api/internal/handler/auth.go:419.63,422.3 2 0
fintrack/api/internal/handler/auth.go:423.2,423.44 1 0
fintrack/api/internal/handler/auth.go:423.44,426.3 2 0
fintrack/api/internal/handler/auth.go:427.2,428.31 2 0
fintrack/api/internal/handler/auth.go:428.31,431.3 2 0
fintrack/api/internal/handler/auth.go:432.2,433.27 2 0
fintrack/api/internal/handler/auth.go:433.27,436.3 2 0
fintrack/api/internal/handler/auth.go:437.2,438.16 2 0
fintrack/api/internal/handler/auth.go:438.16,441.3 2 0
fintrack/api/internal/handler/auth.go:442.2,442.76 1 0
fintrack/api/internal/handler/auth.go:442.76,445.3 2 0
fintrack/api/internal/handler/auth.go:446.2,446.95 1 0
fintrack/api/internal/handler/auth.go:449.71,452.16 3 0
fintrack/api/internal/handler/auth.go:452.16,455.3 2 0
fintrack/api/internal/handler/auth.go:456.2,457.31 2 0
fintrack/api/internal/handler/auth.go:457.31,460.3 2 0
fintrack/api/internal/handler/auth.go:461.2,462.16 2 0
fintrack/api/internal/handler/auth.go:462.16,466.3 3 0
fintrack/api/internal/handler/auth.go:467.2,471.21 5 0
fintrack/api/internal/handler/auth.go:474.74,477.16 3 0
fintrack/api/internal/handler/auth.go:477.16,480.3 2 0
fintrack/api/internal/handler/auth.go:481.2,481.67 1 0
fintrack/api/internal/handler/auth.go:481.67,485.3 3 0
fintrack/api/internal/handler/auth.go:486.2,487.64 2 0
fintrack/api/internal/handler/bank_accounts.go:23.65,29.2 5 0
fintrack/api/internal/handler/bank_accounts.go:31.69,33.9 2 0
fintrack/api/internal/handler/bank_accounts.go:33.9,35.3 1 0
fintrack/api/internal/handler/bank_accounts.go:36.2,38.16 3 0
fintrack/api/internal/handler/bank_accounts.go:38.16,42.3 3 0
fintrack/api/internal/handler/bank_accounts.go:43.2,43.65 1 0
fintrack/api/internal/handler/bank_accounts.go:46.71,48.9 2 0
fintrack/api/internal/handler/bank_accounts.go:48.9,50.3 1 0
fintrack/api/internal/handler/bank_accounts.go:51.2,52.21 2 0
fintrack/api/internal/handler/bank_accounts.go:52.21,55.3 2 0
fintrack/api/internal/handler/bank_accounts.go:56.2,58.16 3 0
fintrack/api/internal/handler/bank_accounts.go:58.16,62.3 3 0
fintrack/api/internal/handler/bank_accounts.go:63.2,63.16 1 0
fintrack/api/internal/handler/bank_accounts.go:63.16,66.3 2 0
fintrack/api/internal/handler/bank_accounts.go:67.2,67.63 1 0
fintrack/api/internal/handler/bank_accounts.go:78.71,80.9 2 0
fintrack/api/internal/handler/bank_accounts.go:80.9,82.3 1 0
fintrack/api/internal/handler/bank_accounts.go:83.2,84.49 2 0
fintrack/api/internal/handler/bank_accounts.go:84.49,87.3 2 0
fintrack/api/internal/handler/bank_accounts.go:88.2,89.16 2 0
fintrack/api/internal/handler/bank_accounts.go:89.16,92.3 2 0
fintrack/api/internal/handler/bank_accounts.go:93.2,94.40 2 0
fintrack/api/internal/handler/bank_accounts.go:94.40,97.3 2 0
fintrack/api/internal/handler/bank_accounts.go:98.2,98.36 1 0
fintrack/api/internal/handler/bank_accounts.go:98.36,101.3 2 0
fintrack/api/internal/handler/bank_accounts.go:103.2,112.16 3 0
fintrack/api/internal/handler/bank_accounts.go:112.16,114.27 2 0
fintrack/api/internal/handler/bank_accounts.go:114.27,117.4 2 0
fintrack/api/internal/handler/bank_accounts.go:118.3,120.9 3 0
fintrack/api/internal/handler/bank_accounts.go:122.2,122.16 1 0
fintrack/api/internal/handler/bank_accounts.go:122.16,125.3 2 0
fintrack/api/internal/handler/bank_accounts.go:126.2,126.68 1 0
fintrack/api/internal/handler/bank_accounts.go:139.70,141.9 2 0
fintrack/api/internal/handler/bank_accounts.go:141.9,143.3 1 0
fintrack/api/internal/handler/bank_accounts.go:144.2,145.21 2 0
fintrack/api/internal/handler/bank_accounts.go:145.21,148.3 2 0
fintrack/api/internal/handler/bank_accounts.go:149.2,150.49 2 0
fintrack/api/internal/handler/bank_accounts.go:150.49,153.3 2 0
fintrack/api/internal/handler/bank_accounts.go:155.2,156.9 2 0
fintrack/api/internal/handler/bank_accounts.go:157.31,158.20 1 0
fintrack/api/internal/handler/bank_accounts.go:159.72,160.33 1 0
fintrack/api/internal/handler/bank_accounts.go:161.10,163.9 2 0
fintrack/api/internal/handler/bank_accounts.go:166.2,166.53 1 0
fintrack/api/internal/handler/bank_accounts.go:166.53,169.3 2 0
fintrack/api/internal/handler/bank_accounts.go:171.2,172.22 2 0
fintrack/api/internal/handler/bank_accounts.go:172.22,175.3 2 0
fintrack/api/internal/handler/bank_accounts.go:176.2,177.29 2 0
fintrack/api/internal/handler/bank_accounts.go:177.29,180.3 2 0
fintrack/api/internal/handler/bank_accounts.go:182.2,196.16 4 0
fintrack/api/internal/handler/bank_accounts.go:196.16,198.27 2 0
fintrack/api/internal/handler/bank_accounts.go:198.27,201.4 2 0
fintrack/api/internal/handler/bank_accounts.go:202.3,204.9 3 0
fintrack/api/internal/handler/bank_accounts.go:206.2,206.16 1 0
fintrack/api/internal/handler/bank_accounts.go:206.16,209.3 2 0
fintrack/api/internal/handler/bank_accounts.go:210.2,210.63 1 0
fintrack/api/internal/handler/bank_accounts.go:213.71,215.9 2 0
fintrack/api/internal/handler/bank_accounts.go:215.9,217.3 1 0
fintrack/api/internal/handler/bank_accounts.go:218.2,219.21 2 0
fintrack/api/internal/handler/bank_accounts.go:219.21,222.3 2 0
fintrack/api/internal/handler/bank_accounts.go:223.2,225.16 3 0
fintrack/api/internal/handler/bank_accounts.go:225.16,229.3 3 0
fintrack/api/internal/handler/bank_accounts.go:230.2,230.14 1 0
fintrack/api/internal/handler/bank_accounts.go:230.14,233.3 2 0
fintrack/api/internal/handler/bank_accounts.go:234.2,234.63 1 0
fintrack/api/internal/handler/bank_accounts.go:237.31,239.2 1 4
fintrack/api/internal/handler/cookie.go:10.48,12.33 2 5
fintrack/api/internal/handler/cookie.go:12.33,14.3 1 2
fintrack/api/internal/handler/cookie.go:15.2,15.16 1 3
fintrack/api/internal/handler/cookie.go:18.75,28.2 1 1
fintrack/api/internal/handler/cookie.go:30.61,41.2 1 1
fintrack/api/internal/handler/credit_cards.go:23.63,29.2 5 0
fintrack/api/internal/handler/credit_cards.go:31.68,33.9 2 0
fintrack/api/internal/handler/credit_cards.go:33.9,35.3 1 0
fintrack/api/internal/handler/credit_cards.go:36.2,38.16 3 0
fintrack/api/internal/handler/credit_cards.go:38.16,42.3 3 0
fintrack/api/internal/handler/credit_cards.go:43.2,43.65 1 0
fintrack/api/internal/handler/credit_cards.go:46.70,48.9 2 0
fintrack/api/internal/handler/credit_cards.go:48.9,50.3 1 0
fintrack/api/internal/handler/credit_cards.go:51.2,52.18 2 0
fintrack/api/internal/handler/credit_cards.go:52.18,55.3 2 0
fintrack/api/internal/handler/credit_cards.go:56.2,58.16 3 0
fintrack/api/internal/handler/credit_cards.go:58.16,62.3 3 0
fintrack/api/internal/handler/credit_cards.go:63.2,63.16 1 0
fintrack/api/internal/handler/credit_cards.go:63.16,66.3 2 0
fintrack/api/internal/handler/credit_cards.go:67.2,67.63 1 0
fintrack/api/internal/handler/credit_cards.go:81.70,83.9 2 0
fintrack/api/internal/handler/credit_cards.go:83.9,85.3 1 0
fintrack/api/internal/handler/credit_cards.go:86.2,87.49 2 0
fintrack/api/internal/handler/credit_cards.go:87.49,90.3 2 0
fintrack/api/internal/handler/credit_cards.go:91.2,92.16 2 0
fintrack/api/internal/handler/credit_cards.go:92.16,95.3 2 0
fintrack/api/internal/handler/credit_cards.go:96.2,96.59 1 0
fintrack/api/internal/handler/credit_cards.go:96.59,99.3 2 0
fintrack/api/internal/handler/credit_cards.go:100.2,101.29 2 0
fintrack/api/internal/handler/credit_cards.go:101.29,102.35 1 0
fintrack/api/internal/handler/credit_cards.go:102.35,105.4 2 0
fintrack/api/internal/handler/credit_cards.go:106.3,106.27 1 0
fintrack/api/internal/handler/credit_cards.go:108.2,109.31 2 0
fintrack/api/internal/handler/credit_cards.go:109.31,110.37 1 0
fintrack/api/internal/handler/credit_cards.go:110.37,113.4 2 0
fintrack/api/internal/handler/credit_cards.go:114.3,114.31 1 0
fintrack/api/internal/handler/credit_cards.go:116.2,116.61 1 0
fintrack/api/internal/handler/credit_cards.go:116.61,121.3 2 0
fintrack/api/internal/handler/credit_cards.go:122.2,124.18 3 0
fintrack/api/internal/handler/credit_cards.go:124.18,129.3 2 0
fintrack/api/internal/handler/credit_cards.go:131.2,143.16 3 0
fintrack/api/internal/handler/credit_cards.go:143.16,145.27 2 0
fintrack/api/internal/handler/credit_cards.go:145.27,148.4 2 0
fintrack/api/internal/handler/credit_cards.go:149.3,151.9 3 0
fintrack/api/internal/handler/credit_cards.go:153.2,153.16 1 0
fintrack/api/internal/handler/credit_cards.go:153.16,156.3 2 0
fintrack/api/internal/handler/credit_cards.go:157.2,157.68 1 0
fintrack/api/internal/handler/credit_cards.go:171.69,173.9 2 0
fintrack/api/internal/handler/credit_cards.go:173.9,175.3 1 0
fintrack/api/internal/handler/credit_cards.go:176.2,177.18 2 0
fintrack/api/internal/handler/credit_cards.go:177.18,180.3 2 0
fintrack/api/internal/handler/credit_cards.go:181.2,182.49 2 0
fintrack/api/internal/handler/credit_cards.go:182.49,185.3 2 0
fintrack/api/internal/handler/credit_cards.go:186.2,186.59 1 0
fintrack/api/internal/handler/credit_cards.go:186.59,189.3 2 0
fintrack/api/internal/handler/credit_cards.go:190.2,190.61 1 0
fintrack/api/internal/handler/credit_cards.go:190.61,193.3 2 0
fintrack/api/internal/handler/credit_cards.go:194.2,194.65 1 0
fintrack/api/internal/handler/credit_cards.go:194.65,197.3 2 0
fintrack/api/internal/handler/credit_cards.go:199.2,200.22 2 0
fintrack/api/internal/handler/credit_cards.go:200.22,203.3 2 0
fintrack/api/internal/handler/credit_cards.go:204.2,204.29 1 0
fintrack/api/internal/handler/credit_cards.go:204.29,207.3 2 0
fintrack/api/internal/handler/credit_cards.go:209.2,210.35 2 0
fintrack/api/internal/handler/credit_cards.go:210.35,212.10 2 0
fintrack/api/internal/handler/credit_cards.go:212.10,217.4 2 0
fintrack/api/internal/handler/credit_cards.go:218.3,218.12 1 0
fintrack/api/internal/handler/credit_cards.go:220.2,220.28 1 0
fintrack/api/internal/handler/credit_cards.go:220.28,222.10 2 0
fintrack/api/internal/handler/credit_cards.go:222.10,227.4 2 0
fintrack/api/internal/handler/credit_cards.go:228.3,228.12 1 0
fintrack/api/internal/handler/credit_cards.go:231.2,245.16 4 0
fintrack/api/internal/handler/credit_cards.go:245.16,247.27 2 0
fintrack/api/internal/handler/credit_cards.go:247.27,250.4 2 0
fintrack/api/internal/handler/credit_cards.go:251.3,253.9 3 0
fintrack/api/internal/handler/credit_cards.go:255.2,255.16 1 0
fintrack/api/internal/handler/credit_cards.go:255.16,258.3 2 0
fintrack/api/internal/handler/credit_cards.go:259.2,259.63 1 0
fintrack/api/internal/handler/credit_cards.go:262.70,264.9 2 0
fintrack/api/internal/handler/credit_cards.go:264.9,266.3 1 0
fintrack/api/internal/handler/credit_cards.go:267.2,268.18 2 0
fintrack/api/internal/handler/credit_cards.go:268.18,271.3 2 0
fintrack/api/internal/handler/credit_cards.go:272.2,274.16 3 0
fintrack/api/internal/handler/credit_cards.go:274.16,278.3 3 0
fintrack/api/internal/handler/credit_cards.go:279.2,279.14 1 0
fintrack/api/internal/handler/credit_cards.go:279.14,282.3 2 0
fintrack/api/internal/handler/credit_cards.go:283.2,283.63 1 0
fintrack/api/internal/handler/credit_cards.go:286.51,287.14 1 6
fintrack/api/internal/handler/credit_cards.go:287.14,289.3 1 1
fintrack/api/internal/handler/credit_cards.go:290.2,291.39 2 5
fintrack/api/internal/handler/credit_cards.go:291.39,293.3 1 1
fintrack/api/internal/handler/credit_cards.go:294.2,295.21 2 4
fintrack/api/internal/handler/credit_cards.go:295.21,297.3 1 1
fintrack/api/internal/handler/credit_cards.go:298.2,298.21 1 3
fintrack/api/internal/handler/credit_cards.go:298.21,300.3 1 2
fintrack/api/internal/handler/credit_cards.go:301.2,301.16 1 1
fintrack/api/internal/handler/credit_cards.go:304.56,307.23 3 1
fintrack/api/internal/handler/credit_cards.go:307.23,309.14 2 4
fintrack/api/internal/handler/credit_cards.go:309.14,310.12 1 1
fintrack/api/internal/handler/credit_cards.go:312.3,312.27 1 3
fintrack/api/internal/handler/credit_cards.go:312.27,313.12 1 1
fintrack/api/internal/handler/credit_cards.go:315.3,316.23 2 2
fintrack/api/internal/handler/credit_cards.go:318.2,318.12 1 1
fintrack/api/internal/handler/expense_categories.go:23.51,26.2 2 2
fintrack/api/internal/handler/expense_categories.go:35.75,41.2 5 0
fintrack/api/internal/handler/expense_categories.go:43.74,45.9 2 0
fintrack/api/internal/handler/expense_categories.go:45.9,47.3 1 0
fintrack/api/internal/handler/expense_categories.go:48.2,50.16 3 0
fintrack/api/internal/handler/expense_categories.go:50.16,54.3 3 0
fintrack/api/internal/handler/expense_categories.go:55.2,55.65 1 0
[...]
fintrack/api/internal/migrate/migrate.go:109.3,109.13 1 0
fintrack/api/internal/migrate/migrate.go:111.2,111.15 1 0
fintrack/api/internal/repository/bank_accounts.go:18.58,23.2 1 0
fintrack/api/internal/repository/bank_accounts.go:86.18,87.32 1 4
fintrack/api/internal/repository/bank_accounts.go:87.32,89.3 1 0
fintrack/api/internal/repository/bank_accounts.go:90.2,99.3 1 4
fintrack/api/internal/repository/bank_accounts.go:103.105,109.16 2 1
fintrack/api/internal/repository/bank_accounts.go:109.16,111.3 1 0
fintrack/api/internal/repository/bank_accounts.go:112.2,114.18 3 1
fintrack/api/internal/repository/bank_accounts.go:114.18,123.17 2 1
fintrack/api/internal/repository/bank_accounts.go:123.17,125.4 1 0
fintrack/api/internal/repository/bank_accounts.go:126.3,126.105 1 1
fintrack/api/internal/repository/bank_accounts.go:128.2,128.24 1 1
fintrack/api/internal/repository/bank_accounts.go:132.117,147.35 4 3
fintrack/api/internal/repository/bank_accounts.go:147.35,149.3 1 0
fintrack/api/internal/repository/bank_accounts.go:150.2,150.16 1 3
fintrack/api/internal/repository/bank_accounts.go:150.16,152.3 1 0
fintrack/api/internal/repository/bank_accounts.go:153.2,154.16 2 3
fintrack/api/internal/repository/bank_accounts.go:157.63,160.26 3 2
fintrack/api/internal/repository/bank_accounts.go:160.26,162.14 2 2
fintrack/api/internal/repository/bank_accounts.go:162.14,163.12 1 0
fintrack/api/internal/repository/bank_accounts.go:165.3,165.27 1 2
fintrack/api/internal/repository/bank_accounts.go:165.27,166.12 1 0
fintrack/api/internal/repository/bank_accounts.go:168.3,169.23 2 2
fintrack/api/internal/repository/bank_accounts.go:171.2,171.12 1 2
fintrack/api/internal/repository/bank_accounts.go:179.21,180.35 1 2
fintrack/api/internal/repository/bank_accounts.go:180.35,182.3 1 0
fintrack/api/internal/repository/bank_accounts.go:183.2,187.16 2 2
fintrack/api/internal/repository/bank_accounts.go:187.16,189.3 1 0
fintrack/api/internal/repository/bank_accounts.go:190.2,192.18 3 2
fintrack/api/internal/repository/bank_accounts.go:192.18,194.47 2 2
fintrack/api/internal/repository/bank_accounts.go:194.47,196.4 1 0
fintrack/api/internal/repository/bank_accounts.go:197.3,197.25 1 2
fintrack/api/internal/repository/bank_accounts.go:199.2,199.35 1 2
fintrack/api/internal/repository/bank_accounts.go:199.35,201.3 1 0
fintrack/api/internal/repository/bank_accounts.go:202.2,203.43 2 2
fintrack/api/internal/repository/bank_accounts.go:203.43,204.38 1 2
fintrack/api/internal/repository/bank_accounts.go:204.38,206.4 1 0
fintrack/api/internal/repository/bank_accounts.go:208.2,208.22 1 2
fintrack/api/internal/repository/bank_accounts.go:208.22,210.3 1 0
fintrack/api/internal/repository/bank_accounts.go:211.2,212.43 2 2
fintrack/api/internal/repository/bank_accounts.go:212.43,214.3 1 2
fintrack/api/internal/repository/bank_accounts.go:215.2,215.17 1 2
fintrack/api/internal/repository/bank_accounts.go:223.9,225.16 2 1
fintrack/api/internal/repository/bank_accounts.go:225.16,227.3 1 0
fintrack/api/internal/repository/bank_accounts.go:228.2,231.16 1 1
fintrack/api/internal/repository/bank_accounts.go:231.16,233.3 1 0
fintrack/api/internal/repository/bank_accounts.go:234.2,234.27 1 1
fintrack/api/internal/repository/bank_accounts.go:234.27,236.3 1 0
fintrack/api/internal/repository/bank_accounts.go:237.2,247.12 2 1
fintrack/api/internal/repository/bank_accounts.go:251.117,254.16 3 1
fintrack/api/internal/repository/bank_accounts.go:254.16,256.3 1 0
fintrack/api/internal/repository/bank_accounts.go:257.2,267.16 4 1
fintrack/api/internal/repository/bank_accounts.go:267.16,269.3 1 0
fintrack/api/internal/repository/bank_accounts.go:271.2,271.85 1 1
fintrack/api/internal/repository/bank_accounts.go:271.85,273.3 1 0
fintrack/api/internal/repository/bank_accounts.go:274.2,274.39 1 1
fintrack/api/internal/repository/bank_accounts.go:274.39,276.3 1 0
fintrack/api/internal/repository/bank_accounts.go:277.2,277.56 1 1
fintrack/api/internal/repository/bank_accounts.go:281.37,282.26 1 4
fintrack/api/internal/repository/bank_accounts.go:282.26,284.3 1 4
fintrack/api/internal/repository/bank_accounts.go:285.2,285.11 1 0
fintrack/api/internal/repository/bank_accounts.go:289.117,291.16 2 1
fintrack/api/internal/repository/bank_accounts.go:291.16,293.3 1 0
fintrack/api/internal/repository/bank_accounts.go:294.2,298.12 3 1
fintrack/api/internal/repository/bank_accounts.go:298.12,313.17 2 1
fintrack/api/internal/repository/bank_accounts.go:313.17,315.4 1 0
fintrack/api/internal/repository/bank_accounts.go:316.3,316.30 1 1
fintrack/api/internal/repository/bank_accounts.go:316.30,319.4 2 0
fintrack/api/internal/repository/bank_accounts.go:322.2,322.28 1 1
fintrack/api/internal/repository/bank_accounts.go:322.28,324.93 2 0
fintrack/api/internal/repository/bank_accounts.go:324.93,326.4 1 0
fintrack/api/internal/repository/bank_accounts.go:329.2,329.39 1 1
fintrack/api/internal/repository/bank_accounts.go:329.39,331.3 1 0
fintrack/api/internal/repository/bank_accounts.go:332.2,332.63 1 1
fintrack/api/internal/repository/bank_accounts.go:336.105,341.16 2 0
fintrack/api/internal/repository/bank_accounts.go:341.16,343.3 1 0
fintrack/api/internal/repository/bank_accounts.go:344.2,344.36 1 0
fintrack/api/internal/repository/credit_cards.go:103.65,106.18 3 3
fintrack/api/internal/repository/credit_cards.go:106.18,120.17 2 3
fintrack/api/internal/repository/credit_cards.go:120.17,122.4 1 0
fintrack/api/internal/repository/credit_cards.go:123.3,123.18 1 3
fintrack/api/internal/repository/credit_cards.go:123.18,125.4 1 0
fintrack/api/internal/repository/credit_cards.go:126.3,134.112 2 3
fintrack/api/internal/repository/credit_cards.go:134.112,136.19 2 0
fintrack/api/internal/repository/credit_cards.go:136.19,139.5 2 0
fintrack/api/internal/repository/credit_cards.go:140.4,141.20 2 0
fintrack/api/internal/repository/credit_cards.go:141.20,143.5 1 0
fintrack/api/internal/repository/credit_cards.go:144.4,145.19 2 0
fintrack/api/internal/repository/credit_cards.go:145.19,148.5 2 0
fintrack/api/internal/repository/credit_cards.go:149.4,156.5 1 0
fintrack/api/internal/repository/credit_cards.go:158.3,158.23 1 3
fintrack/api/internal/repository/credit_cards.go:160.2,160.24 1 3
fintrack/api/internal/repository/credit_cards.go:164.103,178.16 3 1
fintrack/api/internal/repository/credit_cards.go:178.16,180.3 1 0
fintrack/api/internal/repository/credit_cards.go:181.2,181.33 1 1
fintrack/api/internal/repository/credit_cards.go:185.112,199.16 3 2
fintrack/api/internal/repository/credit_cards.go:199.16,201.3 1 0
fintrack/api/internal/repository/credit_cards.go:202.2,203.16 2 2
fintrack/api/internal/repository/credit_cards.go:203.16,205.3 1 0
fintrack/api/internal/repository/credit_cards.go:206.2,206.20 1 2
fintrack/api/internal/repository/credit_cards.go:206.20,208.3 1 0
fintrack/api/internal/repository/credit_cards.go:209.2,209.22 1 2
fintrack/api/internal/repository/credit_cards.go:217.9,219.16 2 1
fintrack/api/internal/repository/credit_cards.go:219.16,221.3 1 0
fintrack/api/internal/repository/credit_cards.go:222.2,225.16 1 1
fintrack/api/internal/repository/credit_cards.go:225.16,227.3 1 0
fintrack/api/internal/repository/credit_cards.go:228.2,228.27 1 1
fintrack/api/internal/repository/credit_cards.go:228.27,230.3 1 0
fintrack/api/internal/repository/credit_cards.go:231.2,241.12 2 1
fintrack/api/internal/repository/credit_cards.go:245.114,248.16 3 1
fintrack/api/internal/repository/credit_cards.go:248.16,250.3 1 0
fintrack/api/internal/repository/credit_cards.go:251.2,263.16 4 1
fintrack/api/internal/repository/credit_cards.go:263.16,265.3 1 0
fintrack/api/internal/repository/credit_cards.go:266.2,266.95 1 1
fintrack/api/internal/repository/credit_cards.go:266.95,268.3 1 0
fintrack/api/internal/repository/credit_cards.go:269.2,269.39 1 1
fintrack/api/internal/repository/credit_cards.go:269.39,271.3 1 0
fintrack/api/internal/repository/credit_cards.go:272.2,272.55 1 1
fintrack/api/internal/repository/credit_cards.go:276.114,278.16 2 0
fintrack/api/internal/repository/credit_cards.go:278.16,280.3 1 0
fintrack/api/internal/repository/credit_cards.go:281.2,298.16 3 0
fintrack/api/internal/repository/credit_cards.go:298.16,300.3 1 0
fintrack/api/internal/repository/credit_cards.go:301.2,301.29 1 0
fintrack/api/internal/repository/credit_cards.go:301.29,303.3 1 0
fintrack/api/internal/repository/credit_cards.go:304.2,304.35 1 0
fintrack/api/internal/repository/credit_cards.go:304.35,306.100 2 0
fintrack/api/internal/repository/credit_cards.go:306.100,308.4 1 0
fintrack/api/internal/repository/credit_cards.go:310.2,310.39 1 0
fintrack/api/internal/repository/credit_cards.go:310.39,312.3 1 0
fintrack/api/internal/repository/credit_cards.go:313.2,313.59 1 0
fintrack/api/internal/repository/credit_cards.go:317.101,322.16 2 1
fintrack/api/internal/repository/credit_cards.go:322.16,324.3 1 0
fintrack/api/internal/repository/credit_cards.go:325.2,325.36 1 1
fintrack/api/internal/repository/expense_categories.go:38.114,46.16 2 1
fintrack/api/internal/repository/expense_categories.go:46.16,48.3 1 0
fintrack/api/internal/repository/expense_categories.go:49.2,51.18 3 1
fintrack/api/internal/repository/expense_categories.go:51.18,53.89 2 1
fintrack/api/internal/repository/expense_categories.go:53.89,55.4 1 0
fintrack/api/internal/repository/expense_categories.go:56.3,56.23 1 1
fintrack/api/internal/repository/expense_categories.go:58.2,58.24 1 1
fintrack/api/internal/repository/expense_categories.go:62.126,72.35 4 3
fintrack/api/internal/repository/expense_categories.go:72.35,74.3 1 0
fintrack/api/internal/repository/expense_categories.go:75.2,75.16 1 3
fintrack/api/internal/repository/expense_categories.go:75.16,77.3 1 0
fintrack/api/internal/repository/expense_categories.go:78.2,78.16 1 3
fintrack/api/internal/repository/expense_categories.go:82.129,90.16 3 1
fintrack/api/internal/repository/expense_categories.go:90.16,92.3 1 0
fintrack/api/internal/repository/expense_categories.go:93.2,93.60 1 1
fintrack/api/internal/repository/expense_categories.go:97.129,110.16 2 1
fintrack/api/internal/repository/expense_categories.go:110.16,112.3 1 0
fintrack/api/internal/repository/expense_categories.go:113.2,113.29 1 1
fintrack/api/internal/repository/expense_categories.go:113.29,115.3 1 0
fintrack/api/internal/repository/expense_categories.go:116.2,116.68 1 1
fintrack/api/internal/repository/expense_categories.go:120.110,125.16 2 0
fintrack/api/internal/repository/expense_categories.go:125.16,127.3 1 0
fintrack/api/internal/repository/expense_categories.go:128.2,128.36 1 0
fintrack/api/internal/repository/export.go:14.99,16.16 2 2
fintrack/api/internal/repository/export.go:16.16,18.3 1 0
fintrack/api/internal/repository/export.go:19.2,35.16 5 2
fintrack/api/internal/repository/export.go:35.16,37.3 1 0
fintrack/api/internal/repository/export.go:39.2,52.9 5 2
fintrack/api/internal/repository/export.go:53.37,54.13 1 0
fintrack/api/internal/repository/export.go:55.18,56.18 1 0
fintrack/api/internal/repository/export.go:57.10,58.12 1 2
fintrack/api/internal/repository/export.go:61.2,62.16 2 2
fintrack/api/internal/repository/export.go:62.16,64.3 1 0
fintrack/api/internal/repository/export.go:65.2,66.16 2 2
fintrack/api/internal/repository/export.go:66.16,68.3 1 0
fintrack/api/internal/repository/export.go:69.2,70.16 2 2
fintrack/api/internal/repository/export.go:70.16,72.3 1 0
fintrack/api/internal/repository/export.go:73.2,74.16 2 2
fintrack/api/internal/repository/export.go:74.16,76.3 1 0
fintrack/api/internal/repository/export.go:77.2,78.16 2 2
fintrack/api/internal/repository/export.go:78.16,80.3 1 0
fintrack/api/internal/repository/export.go:82.2,82.39 1 2
fintrack/api/internal/repository/export.go:82.39,84.3 1 0
fintrack/api/internal/repository/export.go:86.2,97.46 2 2
fintrack/api/internal/repository/export.go:100.99,127.16 2 2
fintrack/api/internal/repository/export.go:127.16,129.3 1 0
fintrack/api/internal/repository/export.go:130.2,132.18 3 2
fintrack/api/internal/repository/export.go:132.18,141.17 2 1
fintrack/api/internal/repository/export.go:141.17,143.4 1 0
fintrack/api/internal/repository/export.go:144.3,150.19 2 1
fintrack/api/internal/repository/export.go:150.19,152.4 1 0
fintrack/api/internal/repository/export.go:152.9,154.4 1 1
fintrack/api/internal/repository/export.go:155.3,155.19 1 1
fintrack/api/internal/repository/export.go:155.19,157.4 1 0
fintrack/api/internal/repository/export.go:157.9,159.4 1 1
fintrack/api/internal/repository/export.go:160.3,160.23 1 1
fintrack/api/internal/repository/export.go:162.2,162.24 1 2
fintrack/api/internal/repository/export.go:165.98,172.16 2 2
fintrack/api/internal/repository/export.go:172.16,174.3 1 0
fintrack/api/internal/repository/export.go:175.2,177.18 3 2
fintrack/api/internal/repository/export.go:177.18,184.17 2 1
fintrack/api/internal/repository/export.go:184.17,186.4 1 0
fintrack/api/internal/repository/export.go:187.3,191.5 1 1
fintrack/api/internal/repository/export.go:193.2,193.24 1 2
fintrack/api/internal/repository/export.go:196.98,223.16 2 2
fintrack/api/internal/repository/export.go:223.16,225.3 1 0
fintrack/api/internal/repository/export.go:226.2,228.18 3 2
fintrack/api/internal/repository/export.go:228.18,239.17 2 0
fintrack/api/internal/repository/export.go:239.17,241.4 1 0
fintrack/api/internal/repository/export.go:242.3,247.5 1 0
fintrack/api/internal/repository/export.go:249.2,249.24 1 2
fintrack/api/internal/repository/export.go:252.102,260.16 2 2
fintrack/api/internal/repository/export.go:260.16,262.3 1 0
fintrack/api/internal/repository/export.go:263.2,265.18 3 2
fintrack/api/internal/repository/export.go:265.18,273.108 2 0
fintrack/api/internal/repository/export.go:273.108,275.4 1 0
fintrack/api/internal/repository/export.go:276.3,281.17 2 0
fintrack/api/internal/repository/export.go:281.17,283.4 1 0
fintrack/api/internal/repository/export.go:283.9,285.4 1 0
fintrack/api/internal/repository/export.go:286.3,286.21 1 0
fintrack/api/internal/repository/export.go:286.21,288.4 1 0
fintrack/api/internal/repository/export.go:288.9,290.4 1 0
fintrack/api/internal/repository/export.go:291.3,291.23 1 0
fintrack/api/internal/repository/export.go:293.2,293.24 1 2
fintrack/api/internal/repository/export.go:296.104,303.16 2 2
fintrack/api/internal/repository/export.go:303.16,305.3 1 0
fintrack/api/internal/repository/export.go:306.2,308.18 3 2
fintrack/api/internal/repository/export.go:308.18,310.95 2 1
fintrack/api/internal/repository/export.go:310.95,312.4 1 0
fintrack/api/internal/repository/export.go:313.3,316.5 1 1
fintrack/api/internal/repository/export.go:318.2,318.24 1 2
fintrack/api/internal/repository/fund_buckets.go:40.103,58.16 2 1
fintrack/api/internal/repository/fund_buckets.go:58.16,60.3 1 0
fintrack/api/internal/repository/fund_buckets.go:61.2,63.18 3 1
fintrack/api/internal/repository/fund_buckets.go:63.18,65.149 2 1
fintrack/api/internal/repository/fund_buckets.go:65.149,67.4 1 0
fintrack/api/internal/repository/fund_buckets.go:68.3,68.23 1 1
fintrack/api/internal/repository/fund_buckets.go:70.2,70.24 1 1
fintrack/api/internal/repository/fund_buckets.go:74.114,80.16 3 1
fintrack/api/internal/repository/fund_buckets.go:80.16,81.36 1 0
fintrack/api/internal/repository/fund_buckets.go:81.36,83.4 1 0
fintrack/api/internal/repository/fund_buckets.go:84.3,84.18 1 0
fintrack/api/internal/repository/fund_buckets.go:87.2,106.147 3 1
fintrack/api/internal/repository/fund_buckets.go:106.147,108.3 1 0
fintrack/api/internal/repository/fund_buckets.go:109.2,109.16 1 1
fintrack/api/internal/repository/fund_buckets.go:113.134,115.16 2 1
fintrack/api/internal/repository/fund_buckets.go:115.16,117.3 1 0
fintrack/api/internal/repository/fund_buckets.go:118.2,130.16 6 1
fintrack/api/internal/repository/fund_buckets.go:130.16,131.36 1 0
fintrack/api/internal/repository/fund_buckets.go:131.36,133.4 1 0
fintrack/api/internal/repository/fund_buckets.go:134.3,134.18 1 0
fintrack/api/internal/repository/fund_buckets.go:136.2,136.15 1 1
fintrack/api/internal/repository/fund_buckets.go:136.15,138.3 1 0
fintrack/api/internal/repository/fund_buckets.go:140.2,148.16 3 1
fintrack/api/internal/repository/fund_buckets.go:148.16,149.36 1 0
fintrack/api/internal/repository/fund_buckets.go:149.36,151.4 1 0
fintrack/api/internal/repository/fund_buckets.go:152.3,152.18 1 0
fintrack/api/internal/repository/fund_buckets.go:155.2,163.16 3 1
fintrack/api/internal/repository/fund_buckets.go:163.16,165.3 1 0
fintrack/api/internal/repository/fund_buckets.go:167.2,168.24 2 1
fintrack/api/internal/repository/fund_buckets.go:168.24,170.3 1 0
fintrack/api/internal/repository/fund_buckets.go:172.2,176.46 1 1
fintrack/api/internal/repository/fund_buckets.go:176.46,178.3 1 0
fintrack/api/internal/repository/fund_buckets.go:180.2,198.147 3 1
fintrack/api/internal/repository/fund_buckets.go:198.147,200.3 1 0
fintrack/api/internal/repository/fund_buckets.go:201.2,201.39 1 1
fintrack/api/internal/repository/fund_buckets.go:201.39,203.3 1 0
fintrack/api/internal/repository/fund_buckets.go:204.2,204.16 1 1
fintrack/api/internal/repository/fund_buckets.go:208.113,232.35 4 1
fintrack/api/internal/repository/fund_buckets.go:232.35,234.3 1 0
fintrack/api/internal/repository/fund_buckets.go:235.2,235.16 1 1
fintrack/api/internal/repository/fund_buckets.go:235.16,237.3 1 0
fintrack/api/internal/repository/fund_buckets.go:238.2,238.16 1 1
fintrack/api/internal/repository/fund_buckets.go:242.128,264.35 4 1
fintrack/api/internal/repository/fund_buckets.go:264.35,266.3 1 0
fintrack/api/internal/repository/fund_buckets.go:267.2,267.16 1 1
fintrack/api/internal/repository/fund_buckets.go:267.16,269.3 1 0
fintrack/api/internal/repository/fund_buckets.go:270.2,270.16 1 1
fintrack/api/internal/repository/profile.go:16.94,20.35 4 2
fintrack/api/internal/repository/profile.go:20.35,22.3 1 0
fintrack/api/internal/repository/profile.go:23.2,23.16 1 2
fintrack/api/internal/repository/profile.go:23.16,25.3 1 0
fintrack/api/internal/repository/profile.go:26.2,26.16 1 2
fintrack/api/internal/repository/profile.go:30.163,42.2 2 1
fintrack/api/internal/repository/profile.go:44.89,47.2 2 2
fintrack/api/internal/repository/profile.go:49.79,52.2 2 1
fintrack/api/internal/repository/signup.go:10.128,12.16 2 3
fintrack/api/internal/repository/signup.go:12.16,14.3 1 0
fintrack/api/internal/repository/signup.go:15.2,24.16 4 3
fintrack/api/internal/repository/signup.go:24.16,26.3 1 1
fintrack/api/internal/repository/signup.go:28.2,33.16 2 2
fintrack/api/internal/repository/signup.go:33.16,35.3 1 0
fintrack/api/internal/repository/signup.go:37.2,37.23 1 2
fintrack/api/internal/repository/user.go:19.99,24.35 4 6
fintrack/api/internal/repository/user.go:24.35,26.3 1 0
fintrack/api/internal/repository/user.go:27.2,27.16 1 6
fintrack/api/internal/repository/user.go:27.16,29.3 1 0
fintrack/api/internal/repository/user.go:30.2,30.16 1 6
fintrack/api/internal/repository/user.go:33.89,37.35 4 5
fintrack/api/internal/repository/user.go:37.35,39.3 1 0
fintrack/api/internal/repository/user.go:40.2,40.16 1 5
fintrack/api/internal/repository/user.go:40.16,42.3 1 0
fintrack/api/internal/repository/user.go:43.2,43.16 1 5
fintrack/api/internal/repository/user.go:46.40,49.2 2 1
fintrack/api/internal/testutil/postgres.go:18.41,21.9 3 3
fintrack/api/internal/testutil/postgres.go:21.9,23.3 1 0
fintrack/api/internal/testutil/postgres.go:25.2,25.84 1 3
fintrack/api/internal/testutil/postgres.go:29.60,43.16 4 3
fintrack/api/internal/testutil/postgres.go:43.16,45.3 1 0
fintrack/api/internal/testutil/postgres.go:47.2,48.16 2 3
fintrack/api/internal/testutil/postgres.go:48.16,51.3 2 0
fintrack/api/internal/testutil/postgres.go:53.2,54.16 2 3
fintrack/api/internal/testutil/postgres.go:54.16,57.3 2 0
fintrack/api/internal/testutil/postgres.go:59.2,59.20 1 3
fintrack/api/internal/testutil/postgres.go:59.20,62.3 2 3
fintrack/api/internal/testutil/postgres.go:63.2,63.22 1 3
fintrack/api/pkg/logger/logger.go:9.13,12.2 2 0
